[29-Nov-2017 21:36:01 UTC] PHP Warning:  include(../../inc/dbConnection.php): failed to open stream: No such file or directory in /home/ubuntu/workspace/bstine/lab/lab9/api/getPetInfo.php on line 3
[29-Nov-2017 21:36:01 UTC] PHP Stack trace:
[29-Nov-2017 21:36:01 UTC] PHP   1. {main}() /home/ubuntu/workspace/bstine/lab/lab9/api/getPetInfo.php:0
[29-Nov-2017 21:36:01 UTC] PHP Warning:  include(): Failed opening '../../inc/dbConnection.php' for inclusion (include_path='.:/usr/share/php:/usr/share/pear') in /home/ubuntu/workspace/bstine/lab/lab9/api/getPetInfo.php on line 3
[29-Nov-2017 21:36:01 UTC] PHP Stack trace:
[29-Nov-2017 21:36:01 UTC] PHP   1. {main}() /home/ubuntu/workspace/bstine/lab/lab9/api/getPetInfo.php:0
[29-Nov-2017 21:36:01 UTC] PHP Fatal error:  Call to undefined function getDatabaseConnection() in /home/ubuntu/workspace/bstine/lab/lab9/api/getPetInfo.php on line 4
[29-Nov-2017 21:36:01 UTC] PHP Stack trace:
[29-Nov-2017 21:36:01 UTC] PHP   1. {main}() /home/ubuntu/workspace/bstine/lab/lab9/api/getPetInfo.php:0
[29-Nov-2017 21:37:24 UTC] PHP Warning:  include(../../inc/dbConnection.php): failed to open stream: No such file or directory in /home/ubuntu/workspace/bstine/lab/lab9/api/getPetInfo.php on line 3
[29-Nov-2017 21:37:24 UTC] PHP Stack trace:
[29-Nov-2017 21:37:24 UTC] PHP   1. {main}() /home/ubuntu/workspace/bstine/lab/lab9/api/getPetInfo.php:0
[29-Nov-2017 21:37:24 UTC] PHP Warning:  include(): Failed opening '../../inc/dbConnection.php' for inclusion (include_path='.:/usr/share/php:/usr/share/pear') in /home/ubuntu/workspace/bstine/lab/lab9/api/getPetInfo.php on line 3
[29-Nov-2017 21:37:24 UTC] PHP Stack trace:
[29-Nov-2017 21:37:24 UTC] PHP   1. {main}() /home/ubuntu/workspace/bstine/lab/lab9/api/getPetInfo.php:0
[29-Nov-2017 21:37:24 UTC] PHP Fatal error:  Call to undefined function getDatabaseConnection() in /home/ubuntu/workspace/bstine/lab/lab9/api/getPetInfo.php on line 4
[29-Nov-2017 21:37:24 UTC] PHP Stack trace:
[29-Nov-2017 21:37:24 UTC] PHP   1. {main}() /home/ubuntu/workspace/bstine/lab/lab9/api/getPetInfo.php:0
[29-Nov-2017 21:37:25 UTC] PHP Warning:  include(../../inc/dbConnection.php): failed to open stream: No such file or directory in /home/ubuntu/workspace/bstine/lab/lab9/api/getPetInfo.php on line 3
[29-Nov-2017 21:37:25 UTC] PHP Stack trace:
[29-Nov-2017 21:37:25 UTC] PHP   1. {main}() /home/ubuntu/workspace/bstine/lab/lab9/api/getPetInfo.php:0
[29-Nov-2017 21:37:25 UTC] PHP Warning:  include(): Failed opening '../../inc/dbConnection.php' for inclusion (include_path='.:/usr/share/php:/usr/share/pear') in /home/ubuntu/workspace/bstine/lab/lab9/api/getPetInfo.php on line 3
[29-Nov-2017 21:37:25 UTC] PHP Stack trace:
[29-Nov-2017 21:37:25 UTC] PHP   1. {main}() /home/ubuntu/workspace/bstine/lab/lab9/api/getPetInfo.php:0
[29-Nov-2017 21:37:25 UTC] PHP Fatal error:  Call to undefined function getDatabaseConnection() in /home/ubuntu/workspace/bstine/lab/lab9/api/getPetInfo.php on line 4
[29-Nov-2017 21:37:25 UTC] PHP Stack trace:
[29-Nov-2017 21:37:25 UTC] PHP   1. {main}() /home/ubuntu/workspace/bstine/lab/lab9/api/getPetInfo.php:0
[29-Nov-2017 21:38:54 UTC] PHP Warning:  include(../../../inc/dbConnection.php): failed to open stream: No such file or directory in /home/ubuntu/workspace/bstine/lab/lab9/api/getPetInfo.php on line 3
[29-Nov-2017 21:38:54 UTC] PHP Stack trace:
[29-Nov-2017 21:38:54 UTC] PHP   1. {main}() /home/ubuntu/workspace/bstine/lab/lab9/api/getPetInfo.php:0
[29-Nov-2017 21:38:54 UTC] PHP Warning:  include(): Failed opening '../../../inc/dbConnection.php' for inclusion (include_path='.:/usr/share/php:/usr/share/pear') in /home/ubuntu/workspace/bstine/lab/lab9/api/getPetInfo.php on line 3
[29-Nov-2017 21:38:54 UTC] PHP Stack trace:
[29-Nov-2017 21:38:54 UTC] PHP   1. {main}() /home/ubuntu/workspace/bstine/lab/lab9/api/getPetInfo.php:0
[29-Nov-2017 21:38:54 UTC] PHP Fatal error:  Call to undefined function getDatabaseConnection() in /home/ubuntu/workspace/bstine/lab/lab9/api/getPetInfo.php on line 4
[29-Nov-2017 21:38:54 UTC] PHP Stack trace:
[29-Nov-2017 21:38:54 UTC] PHP   1. {main}() /home/ubuntu/workspace/bstine/lab/lab9/api/getPetInfo.php:0
