[07-Dec-2017 17:37:33 UTC] PHP Fatal error:  Call to undefined function displayMovies2() in /home/ubuntu/workspace/bstine/finalproject/index.php on line 57
[07-Dec-2017 17:37:33 UTC] PHP Stack trace:
[07-Dec-2017 17:37:33 UTC] PHP   1. {main}() /home/ubuntu/workspace/bstine/finalproject/index.php:0
[07-Dec-2017 17:37:54 UTC] PHP Warning:  include(../../dbConnection.php): failed to open stream: No such file or directory in /home/ubuntu/workspace/bstine/finalproject/functions/functions.php on line 3
[07-Dec-2017 17:37:54 UTC] PHP Stack trace:
[07-Dec-2017 17:37:54 UTC] PHP   1. {main}() /home/ubuntu/workspace/bstine/finalproject/index.php:0
[07-Dec-2017 17:37:54 UTC] PHP   2. include() /home/ubuntu/workspace/bstine/finalproject/index.php:3
[07-Dec-2017 17:37:54 UTC] PHP Warning:  include(): Failed opening '../../dbConnection.php' for inclusion (include_path='.:/usr/share/php:/usr/share/pear') in /home/ubuntu/workspace/bstine/finalproject/functions/functions.php on line 3
[07-Dec-2017 17:37:54 UTC] PHP Stack trace:
[07-Dec-2017 17:37:54 UTC] PHP   1. {main}() /home/ubuntu/workspace/bstine/finalproject/index.php:0
[07-Dec-2017 17:37:54 UTC] PHP   2. include() /home/ubuntu/workspace/bstine/finalproject/index.php:3
[07-Dec-2017 17:37:54 UTC] PHP Fatal error:  Call to undefined function getDatabaseConnection() in /home/ubuntu/workspace/bstine/finalproject/functions/functions.php on line 4
[07-Dec-2017 17:37:54 UTC] PHP Stack trace:
[07-Dec-2017 17:37:54 UTC] PHP   1. {main}() /home/ubuntu/workspace/bstine/finalproject/index.php:0
[07-Dec-2017 17:37:54 UTC] PHP   2. include() /home/ubuntu/workspace/bstine/finalproject/index.php:3
[07-Dec-2017 17:38:36 UTC] PHP Warning:  include(../../dbConnection.php): failed to open stream: No such file or directory in /home/ubuntu/workspace/bstine/finalproject/functions/functions.php on line 3
[07-Dec-2017 17:38:36 UTC] PHP Stack trace:
[07-Dec-2017 17:38:36 UTC] PHP   1. {main}() /home/ubuntu/workspace/bstine/finalproject/index.php:0
[07-Dec-2017 17:38:36 UTC] PHP   2. include() /home/ubuntu/workspace/bstine/finalproject/index.php:3
[07-Dec-2017 17:38:36 UTC] PHP Warning:  include(): Failed opening '../../dbConnection.php' for inclusion (include_path='.:/usr/share/php:/usr/share/pear') in /home/ubuntu/workspace/bstine/finalproject/functions/functions.php on line 3
[07-Dec-2017 17:38:36 UTC] PHP Stack trace:
[07-Dec-2017 17:38:36 UTC] PHP   1. {main}() /home/ubuntu/workspace/bstine/finalproject/index.php:0
[07-Dec-2017 17:38:36 UTC] PHP   2. include() /home/ubuntu/workspace/bstine/finalproject/index.php:3
[07-Dec-2017 17:38:36 UTC] PHP Fatal error:  Call to undefined function getDatabaseConnection() in /home/ubuntu/workspace/bstine/finalproject/functions/functions.php on line 4
[07-Dec-2017 17:38:36 UTC] PHP Stack trace:
[07-Dec-2017 17:38:36 UTC] PHP   1. {main}() /home/ubuntu/workspace/bstine/finalproject/index.php:0
[07-Dec-2017 17:38:36 UTC] PHP   2. include() /home/ubuntu/workspace/bstine/finalproject/index.php:3
[07-Dec-2017 17:38:38 UTC] PHP Warning:  include(../../dbConnection.php): failed to open stream: No such file or directory in /home/ubuntu/workspace/bstine/finalproject/functions/functions.php on line 3
[07-Dec-2017 17:38:38 UTC] PHP Stack trace:
[07-Dec-2017 17:38:38 UTC] PHP   1. {main}() /home/ubuntu/workspace/bstine/finalproject/index.php:0
[07-Dec-2017 17:38:38 UTC] PHP   2. include() /home/ubuntu/workspace/bstine/finalproject/index.php:3
[07-Dec-2017 17:38:38 UTC] PHP Warning:  include(): Failed opening '../../dbConnection.php' for inclusion (include_path='.:/usr/share/php:/usr/share/pear') in /home/ubuntu/workspace/bstine/finalproject/functions/functions.php on line 3
[07-Dec-2017 17:38:38 UTC] PHP Stack trace:
[07-Dec-2017 17:38:38 UTC] PHP   1. {main}() /home/ubuntu/workspace/bstine/finalproject/index.php:0
[07-Dec-2017 17:38:38 UTC] PHP   2. include() /home/ubuntu/workspace/bstine/finalproject/index.php:3
[07-Dec-2017 17:38:38 UTC] PHP Fatal error:  Call to undefined function getDatabaseConnection() in /home/ubuntu/workspace/bstine/finalproject/functions/functions.php on line 4
[07-Dec-2017 17:38:38 UTC] PHP Stack trace:
[07-Dec-2017 17:38:38 UTC] PHP   1. {main}() /home/ubuntu/workspace/bstine/finalproject/index.php:0
[07-Dec-2017 17:38:38 UTC] PHP   2. include() /home/ubuntu/workspace/bstine/finalproject/index.php:3
[07-Dec-2017 17:39:53 UTC] PHP Warning:  include(../../../dbConnection.php): failed to open stream: No such file or directory in /home/ubuntu/workspace/bstine/finalproject/functions/functions.php on line 3
[07-Dec-2017 17:39:53 UTC] PHP Stack trace:
[07-Dec-2017 17:39:53 UTC] PHP   1. {main}() /home/ubuntu/workspace/bstine/finalproject/index.php:0
[07-Dec-2017 17:39:53 UTC] PHP   2. include() /home/ubuntu/workspace/bstine/finalproject/index.php:3
[07-Dec-2017 17:39:53 UTC] PHP Warning:  include(): Failed opening '../../../dbConnection.php' for inclusion (include_path='.:/usr/share/php:/usr/share/pear') in /home/ubuntu/workspace/bstine/finalproject/functions/functions.php on line 3
[07-Dec-2017 17:39:53 UTC] PHP Stack trace:
[07-Dec-2017 17:39:53 UTC] PHP   1. {main}() /home/ubuntu/workspace/bstine/finalproject/index.php:0
[07-Dec-2017 17:39:53 UTC] PHP   2. include() /home/ubuntu/workspace/bstine/finalproject/index.php:3
[07-Dec-2017 17:39:53 UTC] PHP Fatal error:  Call to undefined function getDatabaseConnection() in /home/ubuntu/workspace/bstine/finalproject/functions/functions.php on line 4
[07-Dec-2017 17:39:53 UTC] PHP Stack trace:
[07-Dec-2017 17:39:53 UTC] PHP   1. {main}() /home/ubuntu/workspace/bstine/finalproject/index.php:0
[07-Dec-2017 17:39:53 UTC] PHP   2. include() /home/ubuntu/workspace/bstine/finalproject/index.php:3
[07-Dec-2017 17:41:14 UTC] PHP Warning:  include(../../dbConnection.php): failed to open stream: No such file or directory in /home/ubuntu/workspace/bstine/finalproject/index.php on line 3
[07-Dec-2017 17:41:14 UTC] PHP Stack trace:
[07-Dec-2017 17:41:14 UTC] PHP   1. {main}() /home/ubuntu/workspace/bstine/finalproject/index.php:0
[07-Dec-2017 17:41:14 UTC] PHP Warning:  include(): Failed opening '../../dbConnection.php' for inclusion (include_path='.:/usr/share/php:/usr/share/pear') in /home/ubuntu/workspace/bstine/finalproject/index.php on line 3
[07-Dec-2017 17:41:14 UTC] PHP Stack trace:
[07-Dec-2017 17:41:14 UTC] PHP   1. {main}() /home/ubuntu/workspace/bstine/finalproject/index.php:0
[07-Dec-2017 17:41:14 UTC] PHP Fatal error:  Call to undefined function getDatabaseConnection() in /home/ubuntu/workspace/bstine/finalproject/index.php on line 4
[07-Dec-2017 17:41:14 UTC] PHP Stack trace:
[07-Dec-2017 17:41:14 UTC] PHP   1. {main}() /home/ubuntu/workspace/bstine/finalproject/index.php:0
[07-Dec-2017 17:43:55 UTC] PHP Warning:  include(../../dbConnection.php): failed to open stream: No such file or directory in /home/ubuntu/workspace/bstine/finalproject/functions/functions.php on line 3
[07-Dec-2017 17:43:55 UTC] PHP Stack trace:
[07-Dec-2017 17:43:55 UTC] PHP   1. {main}() /home/ubuntu/workspace/bstine/finalproject/index.php:0
[07-Dec-2017 17:43:55 UTC] PHP   2. include() /home/ubuntu/workspace/bstine/finalproject/index.php:3
[07-Dec-2017 17:43:55 UTC] PHP Warning:  include(): Failed opening '../../dbConnection.php' for inclusion (include_path='.:/usr/share/php:/usr/share/pear') in /home/ubuntu/workspace/bstine/finalproject/functions/functions.php on line 3
[07-Dec-2017 17:43:55 UTC] PHP Stack trace:
[07-Dec-2017 17:43:55 UTC] PHP   1. {main}() /home/ubuntu/workspace/bstine/finalproject/index.php:0
[07-Dec-2017 17:43:55 UTC] PHP   2. include() /home/ubuntu/workspace/bstine/finalproject/index.php:3
[07-Dec-2017 17:43:55 UTC] PHP Fatal error:  Call to undefined function getDatabaseConnection() in /home/ubuntu/workspace/bstine/finalproject/functions/functions.php on line 4
[07-Dec-2017 17:43:55 UTC] PHP Stack trace:
[07-Dec-2017 17:43:55 UTC] PHP   1. {main}() /home/ubuntu/workspace/bstine/finalproject/index.php:0
[07-Dec-2017 17:43:55 UTC] PHP   2. include() /home/ubuntu/workspace/bstine/finalproject/index.php:3
[07-Dec-2017 17:44:35 UTC] PHP Warning:  include(../../dbConnection.php): failed to open stream: No such file or directory in /home/ubuntu/workspace/bstine/finalproject/functions/functions.php on line 3
[07-Dec-2017 17:44:35 UTC] PHP Stack trace:
[07-Dec-2017 17:44:35 UTC] PHP   1. {main}() /home/ubuntu/workspace/bstine/finalproject/index.php:0
[07-Dec-2017 17:44:35 UTC] PHP   2. include() /home/ubuntu/workspace/bstine/finalproject/index.php:3
[07-Dec-2017 17:44:35 UTC] PHP Warning:  include(): Failed opening '../../dbConnection.php' for inclusion (include_path='.:/usr/share/php:/usr/share/pear') in /home/ubuntu/workspace/bstine/finalproject/functions/functions.php on line 3
[07-Dec-2017 17:44:35 UTC] PHP Stack trace:
[07-Dec-2017 17:44:35 UTC] PHP   1. {main}() /home/ubuntu/workspace/bstine/finalproject/index.php:0
[07-Dec-2017 17:44:35 UTC] PHP   2. include() /home/ubuntu/workspace/bstine/finalproject/index.php:3
[07-Dec-2017 17:44:35 UTC] PHP Fatal error:  Call to undefined function getDatabaseConnection() in /home/ubuntu/workspace/bstine/finalproject/functions/functions.php on line 4
[07-Dec-2017 17:44:35 UTC] PHP Stack trace:
[07-Dec-2017 17:44:35 UTC] PHP   1. {main}() /home/ubuntu/workspace/bstine/finalproject/index.php:0
[07-Dec-2017 17:44:35 UTC] PHP   2. include() /home/ubuntu/workspace/bstine/finalproject/index.php:3
[07-Dec-2017 17:44:37 UTC] PHP Warning:  include(../../dbConnection.php): failed to open stream: No such file or directory in /home/ubuntu/workspace/bstine/finalproject/functions/functions.php on line 3
[07-Dec-2017 17:44:37 UTC] PHP Stack trace:
[07-Dec-2017 17:44:37 UTC] PHP   1. {main}() /home/ubuntu/workspace/bstine/finalproject/index.php:0
[07-Dec-2017 17:44:37 UTC] PHP   2. include() /home/ubuntu/workspace/bstine/finalproject/index.php:3
[07-Dec-2017 17:44:37 UTC] PHP Warning:  include(): Failed opening '../../dbConnection.php' for inclusion (include_path='.:/usr/share/php:/usr/share/pear') in /home/ubuntu/workspace/bstine/finalproject/functions/functions.php on line 3
[07-Dec-2017 17:44:37 UTC] PHP Stack trace:
[07-Dec-2017 17:44:37 UTC] PHP   1. {main}() /home/ubuntu/workspace/bstine/finalproject/index.php:0
[07-Dec-2017 17:44:37 UTC] PHP   2. include() /home/ubuntu/workspace/bstine/finalproject/index.php:3
[07-Dec-2017 17:44:37 UTC] PHP Fatal error:  Call to undefined function getDatabaseConnection() in /home/ubuntu/workspace/bstine/finalproject/functions/functions.php on line 4
[07-Dec-2017 17:44:37 UTC] PHP Stack trace:
[07-Dec-2017 17:44:37 UTC] PHP   1. {main}() /home/ubuntu/workspace/bstine/finalproject/index.php:0
[07-Dec-2017 17:44:37 UTC] PHP   2. include() /home/ubuntu/workspace/bstine/finalproject/index.php:3
[07-Dec-2017 17:44:42 UTC] PHP Warning:  include(../../dbConnection.php): failed to open stream: No such file or directory in /home/ubuntu/workspace/bstine/finalproject/functions/functions.php on line 3
[07-Dec-2017 17:44:42 UTC] PHP Stack trace:
[07-Dec-2017 17:44:42 UTC] PHP   1. {main}() /home/ubuntu/workspace/bstine/finalproject/index.php:0
[07-Dec-2017 17:44:42 UTC] PHP   2. include() /home/ubuntu/workspace/bstine/finalproject/index.php:3
[07-Dec-2017 17:44:42 UTC] PHP Warning:  include(): Failed opening '../../dbConnection.php' for inclusion (include_path='.:/usr/share/php:/usr/share/pear') in /home/ubuntu/workspace/bstine/finalproject/functions/functions.php on line 3
[07-Dec-2017 17:44:42 UTC] PHP Stack trace:
[07-Dec-2017 17:44:42 UTC] PHP   1. {main}() /home/ubuntu/workspace/bstine/finalproject/index.php:0
[07-Dec-2017 17:44:42 UTC] PHP   2. include() /home/ubuntu/workspace/bstine/finalproject/index.php:3
[07-Dec-2017 17:44:42 UTC] PHP Fatal error:  Call to undefined function getDatabaseConnection() in /home/ubuntu/workspace/bstine/finalproject/functions/functions.php on line 4
[07-Dec-2017 17:44:42 UTC] PHP Stack trace:
[07-Dec-2017 17:44:42 UTC] PHP   1. {main}() /home/ubuntu/workspace/bstine/finalproject/index.php:0
[07-Dec-2017 17:44:42 UTC] PHP   2. include() /home/ubuntu/workspace/bstine/finalproject/index.php:3
[07-Dec-2017 17:46:39 UTC] PHP Warning:  include(../../dbConnection.php): failed to open stream: No such file or directory in /home/ubuntu/workspace/bstine/finalproject/functions/functions.php on line 3
[07-Dec-2017 17:46:39 UTC] PHP Stack trace:
[07-Dec-2017 17:46:39 UTC] PHP   1. {main}() /home/ubuntu/workspace/bstine/finalproject/index.php:0
[07-Dec-2017 17:46:39 UTC] PHP   2. include() /home/ubuntu/workspace/bstine/finalproject/index.php:3
[07-Dec-2017 17:46:39 UTC] PHP Warning:  include(): Failed opening '../../dbConnection.php' for inclusion (include_path='.:/usr/share/php:/usr/share/pear') in /home/ubuntu/workspace/bstine/finalproject/functions/functions.php on line 3
[07-Dec-2017 17:46:39 UTC] PHP Stack trace:
[07-Dec-2017 17:46:39 UTC] PHP   1. {main}() /home/ubuntu/workspace/bstine/finalproject/index.php:0
[07-Dec-2017 17:46:39 UTC] PHP   2. include() /home/ubuntu/workspace/bstine/finalproject/index.php:3
[07-Dec-2017 17:46:39 UTC] PHP Fatal error:  Call to undefined function getDatabaseConnection() in /home/ubuntu/workspace/bstine/finalproject/functions/functions.php on line 4
[07-Dec-2017 17:46:39 UTC] PHP Stack trace:
[07-Dec-2017 17:46:39 UTC] PHP   1. {main}() /home/ubuntu/workspace/bstine/finalproject/index.php:0
[07-Dec-2017 17:46:39 UTC] PHP   2. include() /home/ubuntu/workspace/bstine/finalproject/index.php:3
[07-Dec-2017 17:47:41 UTC] PHP Warning:  include(../../dbConnection.php): failed to open stream: No such file or directory in /home/ubuntu/workspace/bstine/finalproject/functions/functions.php on line 3
[07-Dec-2017 17:47:41 UTC] PHP Stack trace:
[07-Dec-2017 17:47:41 UTC] PHP   1. {main}() /home/ubuntu/workspace/bstine/finalproject/index.php:0
[07-Dec-2017 17:47:41 UTC] PHP   2. include() /home/ubuntu/workspace/bstine/finalproject/index.php:3
[07-Dec-2017 17:47:41 UTC] PHP Warning:  include(): Failed opening '../../dbConnection.php' for inclusion (include_path='.:/usr/share/php:/usr/share/pear') in /home/ubuntu/workspace/bstine/finalproject/functions/functions.php on line 3
[07-Dec-2017 17:47:41 UTC] PHP Stack trace:
[07-Dec-2017 17:47:41 UTC] PHP   1. {main}() /home/ubuntu/workspace/bstine/finalproject/index.php:0
[07-Dec-2017 17:47:41 UTC] PHP   2. include() /home/ubuntu/workspace/bstine/finalproject/index.php:3
[07-Dec-2017 17:47:41 UTC] PHP Fatal error:  Call to undefined function getDatabaseConnection() in /home/ubuntu/workspace/bstine/finalproject/functions/functions.php on line 4
[07-Dec-2017 17:47:41 UTC] PHP Stack trace:
[07-Dec-2017 17:47:41 UTC] PHP   1. {main}() /home/ubuntu/workspace/bstine/finalproject/index.php:0
[07-Dec-2017 17:47:41 UTC] PHP   2. include() /home/ubuntu/workspace/bstine/finalproject/index.php:3
[07-Dec-2017 17:48:48 UTC] PHP Warning:  include(../../dbConnection.php): failed to open stream: No such file or directory in /home/ubuntu/workspace/bstine/finalproject/functions/functions.php on line 3
[07-Dec-2017 17:48:48 UTC] PHP Stack trace:
[07-Dec-2017 17:48:48 UTC] PHP   1. {main}() /home/ubuntu/workspace/bstine/finalproject/index.php:0
[07-Dec-2017 17:48:48 UTC] PHP   2. include() /home/ubuntu/workspace/bstine/finalproject/index.php:3
[07-Dec-2017 17:48:48 UTC] PHP Warning:  include(): Failed opening '../../dbConnection.php' for inclusion (include_path='.:/usr/share/php:/usr/share/pear') in /home/ubuntu/workspace/bstine/finalproject/functions/functions.php on line 3
[07-Dec-2017 17:48:48 UTC] PHP Stack trace:
[07-Dec-2017 17:48:48 UTC] PHP   1. {main}() /home/ubuntu/workspace/bstine/finalproject/index.php:0
[07-Dec-2017 17:48:48 UTC] PHP   2. include() /home/ubuntu/workspace/bstine/finalproject/index.php:3
[07-Dec-2017 17:48:48 UTC] PHP Fatal error:  Call to undefined function getDatabaseConnection() in /home/ubuntu/workspace/bstine/finalproject/functions/functions.php on line 4
[07-Dec-2017 17:48:48 UTC] PHP Stack trace:
[07-Dec-2017 17:48:48 UTC] PHP   1. {main}() /home/ubuntu/workspace/bstine/finalproject/index.php:0
[07-Dec-2017 17:48:48 UTC] PHP   2. include() /home/ubuntu/workspace/bstine/finalproject/index.php:3
[07-Dec-2017 17:49:18 UTC] PHP Warning:  include(../../dbConnection.php): failed to open stream: No such file or directory in /home/ubuntu/workspace/bstine/finalproject/index.php on line 3
[07-Dec-2017 17:49:18 UTC] PHP Stack trace:
[07-Dec-2017 17:49:18 UTC] PHP   1. {main}() /home/ubuntu/workspace/bstine/finalproject/index.php:0
[07-Dec-2017 17:49:18 UTC] PHP Warning:  include(): Failed opening '../../dbConnection.php' for inclusion (include_path='.:/usr/share/php:/usr/share/pear') in /home/ubuntu/workspace/bstine/finalproject/index.php on line 3
[07-Dec-2017 17:49:18 UTC] PHP Stack trace:
[07-Dec-2017 17:49:18 UTC] PHP   1. {main}() /home/ubuntu/workspace/bstine/finalproject/index.php:0
[07-Dec-2017 17:49:18 UTC] PHP Fatal error:  Call to undefined function getDatabaseConnection() in /home/ubuntu/workspace/bstine/finalproject/index.php on line 4
[07-Dec-2017 17:49:18 UTC] PHP Stack trace:
[07-Dec-2017 17:49:18 UTC] PHP   1. {main}() /home/ubuntu/workspace/bstine/finalproject/index.php:0
[07-Dec-2017 17:55:56 UTC] PHP Warning:  include(../../dbConnection.php): failed to open stream: No such file or directory in /home/ubuntu/workspace/bstine/finalproject/functions/functions.php on line 3
[07-Dec-2017 17:55:56 UTC] PHP Stack trace:
[07-Dec-2017 17:55:56 UTC] PHP   1. {main}() /home/ubuntu/workspace/bstine/finalproject/index.php:0
[07-Dec-2017 17:55:56 UTC] PHP   2. include() /home/ubuntu/workspace/bstine/finalproject/index.php:3
[07-Dec-2017 17:55:56 UTC] PHP Warning:  include(): Failed opening '../../dbConnection.php' for inclusion (include_path='.:/usr/share/php:/usr/share/pear') in /home/ubuntu/workspace/bstine/finalproject/functions/functions.php on line 3
[07-Dec-2017 17:55:56 UTC] PHP Stack trace:
[07-Dec-2017 17:55:56 UTC] PHP   1. {main}() /home/ubuntu/workspace/bstine/finalproject/index.php:0
[07-Dec-2017 17:55:56 UTC] PHP   2. include() /home/ubuntu/workspace/bstine/finalproject/index.php:3
[07-Dec-2017 17:55:56 UTC] PHP Fatal error:  Call to undefined function getDatabaseConnection() in /home/ubuntu/workspace/bstine/finalproject/functions/functions.php on line 4
[07-Dec-2017 17:55:56 UTC] PHP Stack trace:
[07-Dec-2017 17:55:56 UTC] PHP   1. {main}() /home/ubuntu/workspace/bstine/finalproject/index.php:0
[07-Dec-2017 17:55:56 UTC] PHP   2. include() /home/ubuntu/workspace/bstine/finalproject/index.php:3
[07-Dec-2017 19:36:41 UTC] PHP Parse error:  syntax error, unexpected '}' in /home/ubuntu/workspace/bstine/finalproject/functions/functions.php on line 48
[07-Dec-2017 19:36:41 UTC] PHP Stack trace:
[07-Dec-2017 19:36:41 UTC] PHP   1. {main}() /home/ubuntu/workspace/bstine/finalproject/indexAdmin.php:0
[08-Dec-2017 02:10:20 UTC] PHP Warning:  include(../../dbConnection.php): failed to open stream: No such file or directory in /home/ubuntu/workspace/bstine/finalproject/updateIndex.php on line 5
[08-Dec-2017 02:10:20 UTC] PHP Stack trace:
[08-Dec-2017 02:10:20 UTC] PHP   1. {main}() /home/ubuntu/workspace/bstine/finalproject/updateIndex.php:0
[08-Dec-2017 02:10:20 UTC] PHP Warning:  include(): Failed opening '../../dbConnection.php' for inclusion (include_path='.:/usr/share/php:/usr/share/pear') in /home/ubuntu/workspace/bstine/finalproject/updateIndex.php on line 5
[08-Dec-2017 02:10:20 UTC] PHP Stack trace:
[08-Dec-2017 02:10:20 UTC] PHP   1. {main}() /home/ubuntu/workspace/bstine/finalproject/updateIndex.php:0
[08-Dec-2017 02:10:20 UTC] PHP Fatal error:  Uncaught exception 'PDOException' with message 'SQLSTATE[42S02]: Base table or view not found: 1146 Table 'finalproject.tc_games' doesn't exist' in /home/ubuntu/workspace/bstine/finalproject/updateIndex.php:16
Stack trace:
#0 /home/ubuntu/workspace/bstine/finalproject/updateIndex.php(16): PDOStatement->execute(Array)
#1 {main}
  thrown in /home/ubuntu/workspace/bstine/finalproject/updateIndex.php on line 16
[08-Dec-2017 02:10:31 UTC] PHP Fatal error:  Cannot redeclare getDatabaseConnection() (previously declared in /home/ubuntu/workspace/bstine/dbConnection.php:4) in /home/ubuntu/workspace/bstine/dbConnection.php on line 4
[08-Dec-2017 02:10:31 UTC] PHP Stack trace:
[08-Dec-2017 02:10:31 UTC] PHP   1. {main}() /home/ubuntu/workspace/bstine/finalproject/updateIndex.php:0
[08-Dec-2017 02:11:09 UTC] PHP Fatal error:  Uncaught exception 'PDOException' with message 'SQLSTATE[42S02]: Base table or view not found: 1146 Table 'finalproject.tc_games' doesn't exist' in /home/ubuntu/workspace/bstine/finalproject/updateIndex.php:14
Stack trace:
#0 /home/ubuntu/workspace/bstine/finalproject/updateIndex.php(14): PDOStatement->execute(Array)
#1 {main}
  thrown in /home/ubuntu/workspace/bstine/finalproject/updateIndex.php on line 14
[08-Dec-2017 02:11:36 UTC] PHP Fatal error:  Uncaught exception 'PDOException' with message 'SQLSTATE[42S02]: Base table or view not found: 1146 Table 'finalproject.tc_games' doesn't exist' in /home/ubuntu/workspace/bstine/finalproject/updateIndex.php:14
Stack trace:
#0 /home/ubuntu/workspace/bstine/finalproject/updateIndex.php(14): PDOStatement->execute(Array)
#1 {main}
  thrown in /home/ubuntu/workspace/bstine/finalproject/updateIndex.php on line 14
[08-Dec-2017 02:12:59 UTC] PHP Parse error:  syntax error, unexpected 'echo' (T_ECHO) in /home/ubuntu/workspace/bstine/finalproject/updateIndex.php on line 63
[08-Dec-2017 02:20:42 UTC] PHP Fatal error:  Call to a member function prepare() on a non-object in /home/ubuntu/workspace/bstine/finalproject/updateIndex.php on line 11
[08-Dec-2017 02:20:42 UTC] PHP Stack trace:
[08-Dec-2017 02:20:42 UTC] PHP   1. {main}() /home/ubuntu/workspace/bstine/finalproject/updateIndex.php:0
[08-Dec-2017 02:20:42 UTC] PHP   2. getGames() /home/ubuntu/workspace/bstine/finalproject/updateIndex.php:18
[08-Dec-2017 02:21:51 UTC] PHP Fatal error:  Call to a member function prepare() on a non-object in /home/ubuntu/workspace/bstine/finalproject/updateIndex.php on line 11
[08-Dec-2017 02:21:51 UTC] PHP Stack trace:
[08-Dec-2017 02:21:51 UTC] PHP   1. {main}() /home/ubuntu/workspace/bstine/finalproject/updateIndex.php:0
[08-Dec-2017 02:21:51 UTC] PHP   2. getGames() /home/ubuntu/workspace/bstine/finalproject/updateIndex.php:18
[08-Dec-2017 02:22:19 UTC] PHP Fatal error:  Uncaught exception 'PDOException' with message 'SQLSTATE[42000]: Syntax error or access violation: 1064 You have an error in your SQL syntax; check the manual that corresponds to your MySQL server version for the right syntax to use near '' at line 3' in /home/ubuntu/workspace/bstine/finalproject/updateIndex.php:14
Stack trace:
#0 /home/ubuntu/workspace/bstine/finalproject/updateIndex.php(14): PDOStatement->execute()
#1 /home/ubuntu/workspace/bstine/finalproject/updateIndex.php(20): getGames(NULL)
#2 {main}
  thrown in /home/ubuntu/workspace/bstine/finalproject/updateIndex.php on line 14
[08-Dec-2017 02:22:43 UTC] PHP Warning:  include(../../dbConnection.php): failed to open stream: No such file or directory in /home/ubuntu/workspace/bstine/finalproject/updateIndex.php on line 3
[08-Dec-2017 02:22:43 UTC] PHP Stack trace:
[08-Dec-2017 02:22:43 UTC] PHP   1. {main}() /home/ubuntu/workspace/bstine/finalproject/updateIndex.php:0
[08-Dec-2017 02:22:43 UTC] PHP Warning:  include(): Failed opening '../../dbConnection.php' for inclusion (include_path='.:/usr/share/php:/usr/share/pear') in /home/ubuntu/workspace/bstine/finalproject/updateIndex.php on line 3
[08-Dec-2017 02:22:43 UTC] PHP Stack trace:
[08-Dec-2017 02:22:43 UTC] PHP   1. {main}() /home/ubuntu/workspace/bstine/finalproject/updateIndex.php:0
[08-Dec-2017 02:22:43 UTC] PHP Fatal error:  Call to undefined function getDatabaseConnection() in /home/ubuntu/workspace/bstine/finalproject/updateIndex.php on line 4
[08-Dec-2017 02:22:43 UTC] PHP Stack trace:
[08-Dec-2017 02:22:43 UTC] PHP   1. {main}() /home/ubuntu/workspace/bstine/finalproject/updateIndex.php:0
[08-Dec-2017 02:22:51 UTC] PHP Fatal error:  Uncaught exception 'PDOException' with message 'SQLSTATE[42000]: Syntax error or access violation: 1064 You have an error in your SQL syntax; check the manual that corresponds to your MySQL server version for the right syntax to use near '' at line 3' in /home/ubuntu/workspace/bstine/finalproject/updateIndex.php:14
Stack trace:
#0 /home/ubuntu/workspace/bstine/finalproject/updateIndex.php(14): PDOStatement->execute()
#1 /home/ubuntu/workspace/bstine/finalproject/updateIndex.php(20): getGames(NULL)
#2 {main}
  thrown in /home/ubuntu/workspace/bstine/finalproject/updateIndex.php on line 14
[08-Dec-2017 02:24:27 UTC] PHP Fatal error:  Uncaught exception 'PDOException' with message 'SQLSTATE[42000]: Syntax error or access violation: 1064 You have an error in your SQL syntax; check the manual that corresponds to your MySQL server version for the right syntax to use near '' at line 3' in /home/ubuntu/workspace/bstine/finalproject/updateIndex.php:14
Stack trace:
#0 /home/ubuntu/workspace/bstine/finalproject/updateIndex.php(14): PDOStatement->execute()
#1 /home/ubuntu/workspace/bstine/finalproject/updateIndex.php(20): getGames(NULL)
#2 {main}
  thrown in /home/ubuntu/workspace/bstine/finalproject/updateIndex.php on line 14
[08-Dec-2017 02:27:20 UTC] PHP Fatal error:  Uncaught exception 'PDOException' with message 'SQLSTATE[42000]: Syntax error or access violation: 1064 You have an error in your SQL syntax; check the manual that corresponds to your MySQL server version for the right syntax to use near '' at line 3' in /home/ubuntu/workspace/bstine/finalproject/updateIndex.php:14
Stack trace:
#0 /home/ubuntu/workspace/bstine/finalproject/updateIndex.php(14): PDOStatement->execute()
#1 /home/ubuntu/workspace/bstine/finalproject/updateIndex.php(20): getGames(NULL)
#2 {main}
  thrown in /home/ubuntu/workspace/bstine/finalproject/updateIndex.php on line 14
[08-Dec-2017 02:27:23 UTC] PHP Fatal error:  Uncaught exception 'PDOException' with message 'SQLSTATE[42000]: Syntax error or access violation: 1064 You have an error in your SQL syntax; check the manual that corresponds to your MySQL server version for the right syntax to use near '' at line 3' in /home/ubuntu/workspace/bstine/finalproject/updateIndex.php:14
Stack trace:
#0 /home/ubuntu/workspace/bstine/finalproject/updateIndex.php(14): PDOStatement->execute()
#1 /home/ubuntu/workspace/bstine/finalproject/updateIndex.php(20): getGames(NULL)
#2 {main}
  thrown in /home/ubuntu/workspace/bstine/finalproject/updateIndex.php on line 14
[08-Dec-2017 02:27:25 UTC] PHP Fatal error:  Uncaught exception 'PDOException' with message 'SQLSTATE[42000]: Syntax error or access violation: 1064 You have an error in your SQL syntax; check the manual that corresponds to your MySQL server version for the right syntax to use near '' at line 3' in /home/ubuntu/workspace/bstine/finalproject/updateIndex.php:14
Stack trace:
#0 /home/ubuntu/workspace/bstine/finalproject/updateIndex.php(14): PDOStatement->execute()
#1 /home/ubuntu/workspace/bstine/finalproject/updateIndex.php(20): getGames(NULL)
#2 {main}
  thrown in /home/ubuntu/workspace/bstine/finalproject/updateIndex.php on line 14
[08-Dec-2017 02:27:26 UTC] PHP Fatal error:  Uncaught exception 'PDOException' with message 'SQLSTATE[42000]: Syntax error or access violation: 1064 You have an error in your SQL syntax; check the manual that corresponds to your MySQL server version for the right syntax to use near '' at line 3' in /home/ubuntu/workspace/bstine/finalproject/updateIndex.php:14
Stack trace:
#0 /home/ubuntu/workspace/bstine/finalproject/updateIndex.php(14): PDOStatement->execute()
#1 /home/ubuntu/workspace/bstine/finalproject/updateIndex.php(20): getGames(NULL)
#2 {main}
  thrown in /home/ubuntu/workspace/bstine/finalproject/updateIndex.php on line 14
[08-Dec-2017 02:27:27 UTC] PHP Fatal error:  Uncaught exception 'PDOException' with message 'SQLSTATE[42000]: Syntax error or access violation: 1064 You have an error in your SQL syntax; check the manual that corresponds to your MySQL server version for the right syntax to use near '' at line 3' in /home/ubuntu/workspace/bstine/finalproject/updateIndex.php:14
Stack trace:
#0 /home/ubuntu/workspace/bstine/finalproject/updateIndex.php(14): PDOStatement->execute()
#1 /home/ubuntu/workspace/bstine/finalproject/updateIndex.php(20): getGames(NULL)
#2 {main}
  thrown in /home/ubuntu/workspace/bstine/finalproject/updateIndex.php on line 14
[08-Dec-2017 02:27:28 UTC] PHP Fatal error:  Uncaught exception 'PDOException' with message 'SQLSTATE[42000]: Syntax error or access violation: 1064 You have an error in your SQL syntax; check the manual that corresponds to your MySQL server version for the right syntax to use near '' at line 3' in /home/ubuntu/workspace/bstine/finalproject/updateIndex.php:14
Stack trace:
#0 /home/ubuntu/workspace/bstine/finalproject/updateIndex.php(14): PDOStatement->execute()
#1 /home/ubuntu/workspace/bstine/finalproject/updateIndex.php(20): getGames(NULL)
#2 {main}
  thrown in /home/ubuntu/workspace/bstine/finalproject/updateIndex.php on line 14
[08-Dec-2017 02:42:38 UTC] PHP Fatal error:  Uncaught exception 'PDOException' with message 'SQLSTATE[42000]: Syntax error or access violation: 1064 You have an error in your SQL syntax; check the manual that corresponds to your MySQL server version for the right syntax to use near 'FRM `fp_games` WHERE gameName = Overwatch' at line 1' in /home/ubuntu/workspace/bstine/finalproject/updateIndex.php:10
Stack trace:
#0 /home/ubuntu/workspace/bstine/finalproject/updateIndex.php(10): PDOStatement->execute()
#1 {main}
  thrown in /home/ubuntu/workspace/bstine/finalproject/updateIndex.php on line 10
[08-Dec-2017 02:43:11 UTC] PHP Warning:  PDOStatement::execute() expects parameter 1 to be array, string given in /home/ubuntu/workspace/bstine/finalproject/updateIndex.php on line 10
[08-Dec-2017 02:43:11 UTC] PHP Stack trace:
[08-Dec-2017 02:43:11 UTC] PHP   1. {main}() /home/ubuntu/workspace/bstine/finalproject/updateIndex.php:0
[08-Dec-2017 02:43:11 UTC] PHP   2. PDOStatement->execute() /home/ubuntu/workspace/bstine/finalproject/updateIndex.php:10
[08-Dec-2017 02:43:16 UTC] PHP Warning:  PDOStatement::execute() expects parameter 1 to be array, string given in /home/ubuntu/workspace/bstine/finalproject/updateIndex.php on line 10
[08-Dec-2017 02:43:16 UTC] PHP Stack trace:
[08-Dec-2017 02:43:16 UTC] PHP   1. {main}() /home/ubuntu/workspace/bstine/finalproject/updateIndex.php:0
[08-Dec-2017 02:43:16 UTC] PHP   2. PDOStatement->execute() /home/ubuntu/workspace/bstine/finalproject/updateIndex.php:10
[08-Dec-2017 02:43:40 UTC] PHP Fatal error:  Uncaught exception 'PDOException' with message 'SQLSTATE[42000]: Syntax error or access violation: 1064 You have an error in your SQL syntax; check the manual that corresponds to your MySQL server version for the right syntax to use near 'FORM `fp_games` WHERE gameName = Overwatch' at line 1' in /home/ubuntu/workspace/bstine/finalproject/updateIndex.php:10
Stack trace:
#0 /home/ubuntu/workspace/bstine/finalproject/updateIndex.php(10): PDOStatement->execute()
#1 {main}
  thrown in /home/ubuntu/workspace/bstine/finalproject/updateIndex.php on line 10
[08-Dec-2017 02:43:56 UTC] PHP Fatal error:  Uncaught exception 'PDOException' with message 'SQLSTATE[42S22]: Column not found: 1054 Unknown column 'Overwatch' in 'where clause'' in /home/ubuntu/workspace/bstine/finalproject/updateIndex.php:10
Stack trace:
#0 /home/ubuntu/workspace/bstine/finalproject/updateIndex.php(10): PDOStatement->execute()
#1 {main}
  thrown in /home/ubuntu/workspace/bstine/finalproject/updateIndex.php on line 10
[08-Dec-2017 02:47:17 UTC] PHP Fatal error:  Uncaught exception 'PDOException' with message 'SQLSTATE[42S22]: Column not found: 1054 Unknown column 'Overwatch' in 'where clause'' in /home/ubuntu/workspace/bstine/finalproject/updateIndex.php:11
Stack trace:
#0 /home/ubuntu/workspace/bstine/finalproject/updateIndex.php(11): PDOStatement->execute()
#1 {main}
  thrown in /home/ubuntu/workspace/bstine/finalproject/updateIndex.php on line 11
[08-Dec-2017 02:49:39 UTC] PHP Fatal error:  Uncaught exception 'PDOException' with message 'SQLSTATE[42S22]: Column not found: 1054 Unknown column 'Overwatch' in 'where clause'' in /home/ubuntu/workspace/bstine/finalproject/updateIndex.php:11
Stack trace:
#0 /home/ubuntu/workspace/bstine/finalproject/updateIndex.php(11): PDOStatement->execute()
#1 {main}
  thrown in /home/ubuntu/workspace/bstine/finalproject/updateIndex.php on line 11
[08-Dec-2017 02:49:46 UTC] PHP Fatal error:  Uncaught exception 'PDOException' with message 'SQLSTATE[HY093]: Invalid parameter number: no parameters were bound' in /home/ubuntu/workspace/bstine/finalproject/updateIndex.php:14
Stack trace:
#0 /home/ubuntu/workspace/bstine/finalproject/updateIndex.php(14): PDOStatement->execute(NULL)
#1 {main}
  thrown in /home/ubuntu/workspace/bstine/finalproject/updateIndex.php on line 14
[08-Dec-2017 02:58:07 UTC] PHP Fatal error:  Uncaught exception 'PDOException' with message 'SQLSTATE[HY093]: Invalid parameter number: no parameters were bound' in /home/ubuntu/workspace/bstine/finalproject/updateIndex.php:14
Stack trace:
#0 /home/ubuntu/workspace/bstine/finalproject/updateIndex.php(14): PDOStatement->execute(NULL)
#1 {main}
  thrown in /home/ubuntu/workspace/bstine/finalproject/updateIndex.php on line 14
[08-Dec-2017 02:59:06 UTC] PHP Fatal error:  Uncaught exception 'PDOException' with message 'SQLSTATE[HY093]: Invalid parameter number: no parameters were bound' in /home/ubuntu/workspace/bstine/finalproject/updateIndex.php:14
Stack trace:
#0 /home/ubuntu/workspace/bstine/finalproject/updateIndex.php(14): PDOStatement->execute(NULL)
#1 {main}
  thrown in /home/ubuntu/workspace/bstine/finalproject/updateIndex.php on line 14
[08-Dec-2017 03:11:20 UTC] PHP Fatal error:  Call to undefined function getGames() in /home/ubuntu/workspace/bstine/finalproject/updateIndex.php on line 5
[08-Dec-2017 03:11:20 UTC] PHP Stack trace:
[08-Dec-2017 03:11:20 UTC] PHP   1. {main}() /home/ubuntu/workspace/bstine/finalproject/updateIndex.php:0
[08-Dec-2017 03:36:03 UTC] PHP Fatal error:  Function name must be a string in /home/ubuntu/workspace/bstine/finalproject/indexAdmin.php on line 2
[08-Dec-2017 03:36:03 UTC] PHP Stack trace:
[08-Dec-2017 03:36:03 UTC] PHP   1. {main}() /home/ubuntu/workspace/bstine/finalproject/indexAdmin.php:0
[08-Dec-2017 03:37:19 UTC] PHP Fatal error:  Function name must be a string in /home/ubuntu/workspace/bstine/finalproject/index.php on line 3
[08-Dec-2017 03:37:19 UTC] PHP Stack trace:
[08-Dec-2017 03:37:19 UTC] PHP   1. {main}() /home/ubuntu/workspace/bstine/finalproject/index.php:0
[08-Dec-2017 04:07:27 UTC] PHP Fatal error:  Call to undefined function getGame() in /home/ubuntu/workspace/bstine/finalproject/updateIndex.php on line 26
[08-Dec-2017 04:07:27 UTC] PHP Stack trace:
[08-Dec-2017 04:07:27 UTC] PHP   1. {main}() /home/ubuntu/workspace/bstine/finalproject/updateIndex.php:0
[08-Dec-2017 04:37:46 UTC] PHP Warning:  Missing argument 1 for displayGamesV2(), called in /home/ubuntu/workspace/bstine/finalproject/indexAdmin.php on line 67 and defined in /home/ubuntu/workspace/bstine/finalproject/functions/functions.php on line 33
[08-Dec-2017 04:37:46 UTC] PHP Stack trace:
[08-Dec-2017 04:37:46 UTC] PHP   1. {main}() /home/ubuntu/workspace/bstine/finalproject/indexAdmin.php:0
[08-Dec-2017 04:37:46 UTC] PHP   2. displayGamesV2() /home/ubuntu/workspace/bstine/finalproject/indexAdmin.php:67
[08-Dec-2017 04:37:46 UTC] PHP Fatal error:  Uncaught exception 'PDOException' with message 'SQLSTATE[HY093]: Invalid parameter number: no parameters were bound' in /home/ubuntu/workspace/bstine/finalproject/functions/functions.php:45
Stack trace:
#0 /home/ubuntu/workspace/bstine/finalproject/functions/functions.php(45): PDOStatement->execute()
#1 /home/ubuntu/workspace/bstine/finalproject/indexAdmin.php(67): displayGamesV2()
#2 {main}
  thrown in /home/ubuntu/workspace/bstine/finalproject/functions/functions.php on line 45
[08-Dec-2017 04:37:48 UTC] PHP Fatal error:  Uncaught exception 'PDOException' with message 'SQLSTATE[HY093]: Invalid parameter number: no parameters were bound' in /home/ubuntu/workspace/bstine/finalproject/functions/functions.php:45
Stack trace:
#0 /home/ubuntu/workspace/bstine/finalproject/functions/functions.php(45): PDOStatement->execute()
#1 /home/ubuntu/workspace/bstine/finalproject/updateIndex.php(6): displayGamesV2('14')
#2 {main}
  thrown in /home/ubuntu/workspace/bstine/finalproject/functions/functions.php on line 45
[08-Dec-2017 04:51:33 UTC] PHP Fatal error:  Uncaught exception 'PDOException' with message 'SQLSTATE[42S22]: Column not found: 1054 Unknown column 'gameName' in 'where clause'' in /home/ubuntu/workspace/bstine/finalproject/functions/functions.php:69
Stack trace:
#0 /home/ubuntu/workspace/bstine/finalproject/functions/functions.php(69): PDOStatement->execute(Array)
#1 /home/ubuntu/workspace/bstine/finalproject/updateIndex.php(6): getGame(NULL)
#2 {main}
  thrown in /home/ubuntu/workspace/bstine/finalproject/functions/functions.php on line 69
[08-Dec-2017 04:57:35 UTC] PHP Parse error:  syntax error, unexpected ''gamePrice} ?>" class="form-co' (T_ENCAPSED_AND_WHITESPACE), expecting ']' in /home/ubuntu/workspace/bstine/finalproject/updateIndex.php on line 95
[08-Dec-2017 04:57:53 UTC] PHP Parse error:  syntax error, unexpected '}', expecting ',' or ';' in /home/ubuntu/workspace/bstine/finalproject/updateIndex.php on line 95
[08-Dec-2017 06:09:16 UTC] PHP Fatal error:  Uncaught exception 'PDOException' with message 'SQLSTATE[HY093]: Invalid parameter number: number of bound variables does not match number of tokens' in /home/ubuntu/workspace/bstine/finalproject/updateIndex.php:26
Stack trace:
#0 /home/ubuntu/workspace/bstine/finalproject/updateIndex.php(26): PDOStatement->execute(Array)
#1 {main}
  thrown in /home/ubuntu/workspace/bstine/finalproject/updateIndex.php on line 26
[08-Dec-2017 07:03:35 UTC] PHP Fatal error:  Cannot use [] for reading in /home/ubuntu/workspace/bstine/finalproject/indexAdmin.php on line 14
[08-Dec-2017 07:03:42 UTC] PHP Fatal error:  Call to undefined function SUM() in /home/ubuntu/workspace/bstine/finalproject/indexAdmin.php on line 14
[08-Dec-2017 07:03:42 UTC] PHP Stack trace:
[08-Dec-2017 07:03:42 UTC] PHP   1. {main}() /home/ubuntu/workspace/bstine/finalproject/indexAdmin.php:0
[08-Dec-2017 07:11:36 UTC] PHP Warning:  Invalid argument supplied for foreach() in /home/ubuntu/workspace/bstine/finalproject/indexAdmin.php on line 76
[08-Dec-2017 07:11:36 UTC] PHP Stack trace:
[08-Dec-2017 07:11:36 UTC] PHP   1. {main}() /home/ubuntu/workspace/bstine/finalproject/indexAdmin.php:0
[08-Dec-2017 07:11:36 UTC] PHP Warning:  Invalid argument supplied for foreach() in /home/ubuntu/workspace/bstine/finalproject/indexAdmin.php on line 81
[08-Dec-2017 07:11:36 UTC] PHP Stack trace:
[08-Dec-2017 07:11:36 UTC] PHP   1. {main}() /home/ubuntu/workspace/bstine/finalproject/indexAdmin.php:0
[08-Dec-2017 07:11:53 UTC] PHP Warning:  Invalid argument supplied for foreach() in /home/ubuntu/workspace/bstine/finalproject/indexAdmin.php on line 71
[08-Dec-2017 07:11:53 UTC] PHP Stack trace:
[08-Dec-2017 07:11:53 UTC] PHP   1. {main}() /home/ubuntu/workspace/bstine/finalproject/indexAdmin.php:0
[08-Dec-2017 07:11:53 UTC] PHP Warning:  Invalid argument supplied for foreach() in /home/ubuntu/workspace/bstine/finalproject/indexAdmin.php on line 81
[08-Dec-2017 07:11:53 UTC] PHP Stack trace:
[08-Dec-2017 07:11:53 UTC] PHP   1. {main}() /home/ubuntu/workspace/bstine/finalproject/indexAdmin.php:0
[08-Dec-2017 07:11:57 UTC] PHP Warning:  Invalid argument supplied for foreach() in /home/ubuntu/workspace/bstine/finalproject/indexAdmin.php on line 71
[08-Dec-2017 07:11:57 UTC] PHP Stack trace:
[08-Dec-2017 07:11:57 UTC] PHP   1. {main}() /home/ubuntu/workspace/bstine/finalproject/indexAdmin.php:0
[08-Dec-2017 07:11:57 UTC] PHP Warning:  Invalid argument supplied for foreach() in /home/ubuntu/workspace/bstine/finalproject/indexAdmin.php on line 76
[08-Dec-2017 07:11:57 UTC] PHP Stack trace:
[08-Dec-2017 07:11:57 UTC] PHP   1. {main}() /home/ubuntu/workspace/bstine/finalproject/indexAdmin.php:0
[08-Dec-2017 07:12:00 UTC] PHP Warning:  Invalid argument supplied for foreach() in /home/ubuntu/workspace/bstine/finalproject/indexAdmin.php on line 76
[08-Dec-2017 07:12:00 UTC] PHP Stack trace:
[08-Dec-2017 07:12:00 UTC] PHP   1. {main}() /home/ubuntu/workspace/bstine/finalproject/indexAdmin.php:0
[08-Dec-2017 07:12:00 UTC] PHP Warning:  Invalid argument supplied for foreach() in /home/ubuntu/workspace/bstine/finalproject/indexAdmin.php on line 81
[08-Dec-2017 07:12:00 UTC] PHP Stack trace:
[08-Dec-2017 07:12:00 UTC] PHP   1. {main}() /home/ubuntu/workspace/bstine/finalproject/indexAdmin.php:0
[08-Dec-2017 07:29:58 UTC] PHP Warning:  Illegal string offset 'gameName' in /home/ubuntu/workspace/bstine/finalproject/updateIndex.php on line 81
[08-Dec-2017 07:29:58 UTC] PHP Stack trace:
[08-Dec-2017 07:29:58 UTC] PHP   1. {main}() /home/ubuntu/workspace/bstine/finalproject/updateIndex.php:0
[08-Dec-2017 07:29:58 UTC] PHP Warning:  Illegal string offset 'gameName' in /home/ubuntu/workspace/bstine/finalproject/updateIndex.php on line 81
[08-Dec-2017 07:29:58 UTC] PHP Stack trace:
[08-Dec-2017 07:29:58 UTC] PHP   1. {main}() /home/ubuntu/workspace/bstine/finalproject/updateIndex.php:0
[08-Dec-2017 07:29:58 UTC] PHP Warning:  Illegal string offset 'gameName' in /home/ubuntu/workspace/bstine/finalproject/updateIndex.php on line 81
[08-Dec-2017 07:29:58 UTC] PHP Stack trace:
[08-Dec-2017 07:29:58 UTC] PHP   1. {main}() /home/ubuntu/workspace/bstine/finalproject/updateIndex.php:0
[08-Dec-2017 07:29:58 UTC] PHP Warning:  Illegal string offset 'gameName' in /home/ubuntu/workspace/bstine/finalproject/updateIndex.php on line 81
[08-Dec-2017 07:29:58 UTC] PHP Stack trace:
[08-Dec-2017 07:29:58 UTC] PHP   1. {main}() /home/ubuntu/workspace/bstine/finalproject/updateIndex.php:0
[08-Dec-2017 07:29:58 UTC] PHP Warning:  Illegal string offset 'gameName' in /home/ubuntu/workspace/bstine/finalproject/updateIndex.php on line 81
[08-Dec-2017 07:29:58 UTC] PHP Stack trace:
[08-Dec-2017 07:29:58 UTC] PHP   1. {main}() /home/ubuntu/workspace/bstine/finalproject/updateIndex.php:0
[08-Dec-2017 07:29:58 UTC] PHP Warning:  Illegal string offset 'gameName' in /home/ubuntu/workspace/bstine/finalproject/updateIndex.php on line 81
[08-Dec-2017 07:29:58 UTC] PHP Stack trace:
[08-Dec-2017 07:29:58 UTC] PHP   1. {main}() /home/ubuntu/workspace/bstine/finalproject/updateIndex.php:0
[08-Dec-2017 07:29:58 UTC] PHP Warning:  Illegal string offset 'gameName' in /home/ubuntu/workspace/bstine/finalproject/updateIndex.php on line 81
[08-Dec-2017 07:29:58 UTC] PHP Stack trace:
[08-Dec-2017 07:29:58 UTC] PHP   1. {main}() /home/ubuntu/workspace/bstine/finalproject/updateIndex.php:0
[08-Dec-2017 07:29:58 UTC] PHP Warning:  Illegal string offset 'gameName' in /home/ubuntu/workspace/bstine/finalproject/updateIndex.php on line 81
[08-Dec-2017 07:29:58 UTC] PHP Stack trace:
[08-Dec-2017 07:29:58 UTC] PHP   1. {main}() /home/ubuntu/workspace/bstine/finalproject/updateIndex.php:0
[08-Dec-2017 07:29:58 UTC] PHP Warning:  Illegal string offset 'gameGenre' in /home/ubuntu/workspace/bstine/finalproject/updateIndex.php on line 90
[08-Dec-2017 07:29:58 UTC] PHP Stack trace:
[08-Dec-2017 07:29:58 UTC] PHP   1. {main}() /home/ubuntu/workspace/bstine/finalproject/updateIndex.php:0
[08-Dec-2017 07:29:58 UTC] PHP Warning:  Illegal string offset 'gameGenre' in /home/ubuntu/workspace/bstine/finalproject/updateIndex.php on line 90
[08-Dec-2017 07:29:58 UTC] PHP Stack trace:
[08-Dec-2017 07:29:58 UTC] PHP   1. {main}() /home/ubuntu/workspace/bstine/finalproject/updateIndex.php:0
[08-Dec-2017 07:29:58 UTC] PHP Warning:  Illegal string offset 'gameGenre' in /home/ubuntu/workspace/bstine/finalproject/updateIndex.php on line 90
[08-Dec-2017 07:29:58 UTC] PHP Stack trace:
[08-Dec-2017 07:29:58 UTC] PHP   1. {main}() /home/ubuntu/workspace/bstine/finalproject/updateIndex.php:0
[08-Dec-2017 07:29:58 UTC] PHP Warning:  Illegal string offset 'gameGenre' in /home/ubuntu/workspace/bstine/finalproject/updateIndex.php on line 90
[08-Dec-2017 07:29:58 UTC] PHP Stack trace:
[08-Dec-2017 07:29:58 UTC] PHP   1. {main}() /home/ubuntu/workspace/bstine/finalproject/updateIndex.php:0
[08-Dec-2017 07:29:58 UTC] PHP Warning:  Illegal string offset 'gameGenre' in /home/ubuntu/workspace/bstine/finalproject/updateIndex.php on line 90
[08-Dec-2017 07:29:58 UTC] PHP Stack trace:
[08-Dec-2017 07:29:58 UTC] PHP   1. {main}() /home/ubuntu/workspace/bstine/finalproject/updateIndex.php:0
[08-Dec-2017 07:29:58 UTC] PHP Warning:  Illegal string offset 'gameGenre' in /home/ubuntu/workspace/bstine/finalproject/updateIndex.php on line 90
[08-Dec-2017 07:29:58 UTC] PHP Stack trace:
[08-Dec-2017 07:29:58 UTC] PHP   1. {main}() /home/ubuntu/workspace/bstine/finalproject/updateIndex.php:0
[08-Dec-2017 07:29:58 UTC] PHP Warning:  Illegal string offset 'gameGenre' in /home/ubuntu/workspace/bstine/finalproject/updateIndex.php on line 90
[08-Dec-2017 07:29:58 UTC] PHP Stack trace:
[08-Dec-2017 07:29:58 UTC] PHP   1. {main}() /home/ubuntu/workspace/bstine/finalproject/updateIndex.php:0
[08-Dec-2017 07:29:58 UTC] PHP Warning:  Illegal string offset 'gameGenre' in /home/ubuntu/workspace/bstine/finalproject/updateIndex.php on line 90
[08-Dec-2017 07:29:58 UTC] PHP Stack trace:
[08-Dec-2017 07:29:58 UTC] PHP   1. {main}() /home/ubuntu/workspace/bstine/finalproject/updateIndex.php:0
[08-Dec-2017 07:29:58 UTC] PHP Warning:  Illegal string offset 'gameDescription' in /home/ubuntu/workspace/bstine/finalproject/updateIndex.php on line 95
[08-Dec-2017 07:29:58 UTC] PHP Stack trace:
[08-Dec-2017 07:29:58 UTC] PHP   1. {main}() /home/ubuntu/workspace/bstine/finalproject/updateIndex.php:0
[08-Dec-2017 07:29:58 UTC] PHP Warning:  Illegal string offset 'gameDescription' in /home/ubuntu/workspace/bstine/finalproject/updateIndex.php on line 95
[08-Dec-2017 07:29:58 UTC] PHP Stack trace:
[08-Dec-2017 07:29:58 UTC] PHP   1. {main}() /home/ubuntu/workspace/bstine/finalproject/updateIndex.php:0
[08-Dec-2017 07:29:58 UTC] PHP Warning:  Illegal string offset 'gameDescription' in /home/ubuntu/workspace/bstine/finalproject/updateIndex.php on line 95
[08-Dec-2017 07:29:58 UTC] PHP Stack trace:
[08-Dec-2017 07:29:58 UTC] PHP   1. {main}() /home/ubuntu/workspace/bstine/finalproject/updateIndex.php:0
[08-Dec-2017 07:29:58 UTC] PHP Warning:  Illegal string offset 'gameDescription' in /home/ubuntu/workspace/bstine/finalproject/updateIndex.php on line 95
[08-Dec-2017 07:29:58 UTC] PHP Stack trace:
[08-Dec-2017 07:29:58 UTC] PHP   1. {main}() /home/ubuntu/workspace/bstine/finalproject/updateIndex.php:0
[08-Dec-2017 07:29:58 UTC] PHP Warning:  Illegal string offset 'gameDescription' in /home/ubuntu/workspace/bstine/finalproject/updateIndex.php on line 95
[08-Dec-2017 07:29:58 UTC] PHP Stack trace:
[08-Dec-2017 07:29:58 UTC] PHP   1. {main}() /home/ubuntu/workspace/bstine/finalproject/updateIndex.php:0
[08-Dec-2017 07:29:58 UTC] PHP Warning:  Illegal string offset 'gameDescription' in /home/ubuntu/workspace/bstine/finalproject/updateIndex.php on line 95
[08-Dec-2017 07:29:58 UTC] PHP Stack trace:
[08-Dec-2017 07:29:58 UTC] PHP   1. {main}() /home/ubuntu/workspace/bstine/finalproject/updateIndex.php:0
[08-Dec-2017 07:29:58 UTC] PHP Warning:  Illegal string offset 'gameDescription' in /home/ubuntu/workspace/bstine/finalproject/updateIndex.php on line 95
[08-Dec-2017 07:29:58 UTC] PHP Stack trace:
[08-Dec-2017 07:29:58 UTC] PHP   1. {main}() /home/ubuntu/workspace/bstine/finalproject/updateIndex.php:0
[08-Dec-2017 07:29:58 UTC] PHP Warning:  Illegal string offset 'gameDescription' in /home/ubuntu/workspace/bstine/finalproject/updateIndex.php on line 95
[08-Dec-2017 07:29:58 UTC] PHP Stack trace:
[08-Dec-2017 07:29:58 UTC] PHP   1. {main}() /home/ubuntu/workspace/bstine/finalproject/updateIndex.php:0
[08-Dec-2017 07:29:58 UTC] PHP Warning:  Illegal string offset 'gameRelease' in /home/ubuntu/workspace/bstine/finalproject/updateIndex.php on line 100
[08-Dec-2017 07:29:58 UTC] PHP Stack trace:
[08-Dec-2017 07:29:58 UTC] PHP   1. {main}() /home/ubuntu/workspace/bstine/finalproject/updateIndex.php:0
[08-Dec-2017 07:29:58 UTC] PHP Warning:  Illegal string offset 'gameRelease' in /home/ubuntu/workspace/bstine/finalproject/updateIndex.php on line 100
[08-Dec-2017 07:29:58 UTC] PHP Stack trace:
[08-Dec-2017 07:29:58 UTC] PHP   1. {main}() /home/ubuntu/workspace/bstine/finalproject/updateIndex.php:0
[08-Dec-2017 07:29:58 UTC] PHP Warning:  Illegal string offset 'gameRelease' in /home/ubuntu/workspace/bstine/finalproject/updateIndex.php on line 100
[08-Dec-2017 07:29:58 UTC] PHP Stack trace:
[08-Dec-2017 07:29:58 UTC] PHP   1. {main}() /home/ubuntu/workspace/bstine/finalproject/updateIndex.php:0
[08-Dec-2017 07:29:58 UTC] PHP Warning:  Illegal string offset 'gameRelease' in /home/ubuntu/workspace/bstine/finalproject/updateIndex.php on line 100
[08-Dec-2017 07:29:58 UTC] PHP Stack trace:
[08-Dec-2017 07:29:58 UTC] PHP   1. {main}() /home/ubuntu/workspace/bstine/finalproject/updateIndex.php:0
[08-Dec-2017 07:29:58 UTC] PHP Warning:  Illegal string offset 'gameRelease' in /home/ubuntu/workspace/bstine/finalproject/updateIndex.php on line 100
[08-Dec-2017 07:29:58 UTC] PHP Stack trace:
[08-Dec-2017 07:29:58 UTC] PHP   1. {main}() /home/ubuntu/workspace/bstine/finalproject/updateIndex.php:0
[08-Dec-2017 07:29:58 UTC] PHP Warning:  Illegal string offset 'gameRelease' in /home/ubuntu/workspace/bstine/finalproject/updateIndex.php on line 100
[08-Dec-2017 07:29:58 UTC] PHP Stack trace:
[08-Dec-2017 07:29:58 UTC] PHP   1. {main}() /home/ubuntu/workspace/bstine/finalproject/updateIndex.php:0
[08-Dec-2017 07:29:58 UTC] PHP Warning:  Illegal string offset 'gameRelease' in /home/ubuntu/workspace/bstine/finalproject/updateIndex.php on line 100
[08-Dec-2017 07:29:58 UTC] PHP Stack trace:
[08-Dec-2017 07:29:58 UTC] PHP   1. {main}() /home/ubuntu/workspace/bstine/finalproject/updateIndex.php:0
[08-Dec-2017 07:29:58 UTC] PHP Warning:  Illegal string offset 'gameRelease' in /home/ubuntu/workspace/bstine/finalproject/updateIndex.php on line 100
[08-Dec-2017 07:29:58 UTC] PHP Stack trace:
[08-Dec-2017 07:29:58 UTC] PHP   1. {main}() /home/ubuntu/workspace/bstine/finalproject/updateIndex.php:0
[08-Dec-2017 07:29:58 UTC] PHP Warning:  Illegal string offset 'gameRating' in /home/ubuntu/workspace/bstine/finalproject/updateIndex.php on line 104
[08-Dec-2017 07:29:58 UTC] PHP Stack trace:
[08-Dec-2017 07:29:58 UTC] PHP   1. {main}() /home/ubuntu/workspace/bstine/finalproject/updateIndex.php:0
[08-Dec-2017 07:29:58 UTC] PHP Warning:  Illegal string offset 'gameRating' in /home/ubuntu/workspace/bstine/finalproject/updateIndex.php on line 104
[08-Dec-2017 07:29:58 UTC] PHP Stack trace:
[08-Dec-2017 07:29:58 UTC] PHP   1. {main}() /home/ubuntu/workspace/bstine/finalproject/updateIndex.php:0
[08-Dec-2017 07:29:58 UTC] PHP Warning:  Illegal string offset 'gameRating' in /home/ubuntu/workspace/bstine/finalproject/updateIndex.php on line 104
[08-Dec-2017 07:29:58 UTC] PHP Stack trace:
[08-Dec-2017 07:29:58 UTC] PHP   1. {main}() /home/ubuntu/workspace/bstine/finalproject/updateIndex.php:0
[08-Dec-2017 07:29:58 UTC] PHP Warning:  Illegal string offset 'gameRating' in /home/ubuntu/workspace/bstine/finalproject/updateIndex.php on line 104
[08-Dec-2017 07:29:58 UTC] PHP Stack trace:
[08-Dec-2017 07:29:58 UTC] PHP   1. {main}() /home/ubuntu/workspace/bstine/finalproject/updateIndex.php:0
[08-Dec-2017 07:29:58 UTC] PHP Warning:  Illegal string offset 'gameRating' in /home/ubuntu/workspace/bstine/finalproject/updateIndex.php on line 104
[08-Dec-2017 07:29:58 UTC] PHP Stack trace:
[08-Dec-2017 07:29:58 UTC] PHP   1. {main}() /home/ubuntu/workspace/bstine/finalproject/updateIndex.php:0
[08-Dec-2017 07:29:58 UTC] PHP Warning:  Illegal string offset 'gameRating' in /home/ubuntu/workspace/bstine/finalproject/updateIndex.php on line 104
[08-Dec-2017 07:29:58 UTC] PHP Stack trace:
[08-Dec-2017 07:29:58 UTC] PHP   1. {main}() /home/ubuntu/workspace/bstine/finalproject/updateIndex.php:0
[08-Dec-2017 07:29:58 UTC] PHP Warning:  Illegal string offset 'gameRating' in /home/ubuntu/workspace/bstine/finalproject/updateIndex.php on line 104
[08-Dec-2017 07:29:58 UTC] PHP Stack trace:
[08-Dec-2017 07:29:58 UTC] PHP   1. {main}() /home/ubuntu/workspace/bstine/finalproject/updateIndex.php:0
[08-Dec-2017 07:29:58 UTC] PHP Warning:  Illegal string offset 'gameRating' in /home/ubuntu/workspace/bstine/finalproject/updateIndex.php on line 104
[08-Dec-2017 07:29:58 UTC] PHP Stack trace:
[08-Dec-2017 07:29:58 UTC] PHP   1. {main}() /home/ubuntu/workspace/bstine/finalproject/updateIndex.php:0
[08-Dec-2017 07:29:58 UTC] PHP Warning:  Illegal string offset 'gameScore' in /home/ubuntu/workspace/bstine/finalproject/updateIndex.php on line 108
[08-Dec-2017 07:29:58 UTC] PHP Stack trace:
[08-Dec-2017 07:29:58 UTC] PHP   1. {main}() /home/ubuntu/workspace/bstine/finalproject/updateIndex.php:0
[08-Dec-2017 07:29:58 UTC] PHP Warning:  Illegal string offset 'gameScore' in /home/ubuntu/workspace/bstine/finalproject/updateIndex.php on line 108
[08-Dec-2017 07:29:58 UTC] PHP Stack trace:
[08-Dec-2017 07:29:58 UTC] PHP   1. {main}() /home/ubuntu/workspace/bstine/finalproject/updateIndex.php:0
[08-Dec-2017 07:29:58 UTC] PHP Warning:  Illegal string offset 'gameScore' in /home/ubuntu/workspace/bstine/finalproject/updateIndex.php on line 108
[08-Dec-2017 07:29:58 UTC] PHP Stack trace:
[08-Dec-2017 07:29:58 UTC] PHP   1. {main}() /home/ubuntu/workspace/bstine/finalproject/updateIndex.php:0
[08-Dec-2017 07:29:58 UTC] PHP Warning:  Illegal string offset 'gameScore' in /home/ubuntu/workspace/bstine/finalproject/updateIndex.php on line 108
[08-Dec-2017 07:29:58 UTC] PHP Stack trace:
[08-Dec-2017 07:29:58 UTC] PHP   1. {main}() /home/ubuntu/workspace/bstine/finalproject/updateIndex.php:0
[08-Dec-2017 07:29:58 UTC] PHP Warning:  Illegal string offset 'gameScore' in /home/ubuntu/workspace/bstine/finalproject/updateIndex.php on line 108
[08-Dec-2017 07:29:58 UTC] PHP Stack trace:
[08-Dec-2017 07:29:58 UTC] PHP   1. {main}() /home/ubuntu/workspace/bstine/finalproject/updateIndex.php:0
[08-Dec-2017 07:29:58 UTC] PHP Warning:  Illegal string offset 'gameScore' in /home/ubuntu/workspace/bstine/finalproject/updateIndex.php on line 108
[08-Dec-2017 07:29:58 UTC] PHP Stack trace:
[08-Dec-2017 07:29:58 UTC] PHP   1. {main}() /home/ubuntu/workspace/bstine/finalproject/updateIndex.php:0
[08-Dec-2017 07:29:58 UTC] PHP Warning:  Illegal string offset 'gameScore' in /home/ubuntu/workspace/bstine/finalproject/updateIndex.php on line 108
[08-Dec-2017 07:29:58 UTC] PHP Stack trace:
[08-Dec-2017 07:29:58 UTC] PHP   1. {main}() /home/ubuntu/workspace/bstine/finalproject/updateIndex.php:0
[08-Dec-2017 07:29:58 UTC] PHP Warning:  Illegal string offset 'gameScore' in /home/ubuntu/workspace/bstine/finalproject/updateIndex.php on line 108
[08-Dec-2017 07:29:58 UTC] PHP Stack trace:
[08-Dec-2017 07:29:58 UTC] PHP   1. {main}() /home/ubuntu/workspace/bstine/finalproject/updateIndex.php:0
[08-Dec-2017 07:29:58 UTC] PHP Warning:  Illegal string offset 'gamePrice' in /home/ubuntu/workspace/bstine/finalproject/updateIndex.php on line 113
[08-Dec-2017 07:29:58 UTC] PHP Stack trace:
[08-Dec-2017 07:29:58 UTC] PHP   1. {main}() /home/ubuntu/workspace/bstine/finalproject/updateIndex.php:0
[08-Dec-2017 07:29:58 UTC] PHP Warning:  Illegal string offset 'gamePrice' in /home/ubuntu/workspace/bstine/finalproject/updateIndex.php on line 113
[08-Dec-2017 07:29:58 UTC] PHP Stack trace:
[08-Dec-2017 07:29:58 UTC] PHP   1. {main}() /home/ubuntu/workspace/bstine/finalproject/updateIndex.php:0
[08-Dec-2017 07:29:58 UTC] PHP Warning:  Illegal string offset 'gamePrice' in /home/ubuntu/workspace/bstine/finalproject/updateIndex.php on line 113
[08-Dec-2017 07:29:58 UTC] PHP Stack trace:
[08-Dec-2017 07:29:58 UTC] PHP   1. {main}() /home/ubuntu/workspace/bstine/finalproject/updateIndex.php:0
[08-Dec-2017 07:29:58 UTC] PHP Warning:  Illegal string offset 'gamePrice' in /home/ubuntu/workspace/bstine/finalproject/updateIndex.php on line 113
[08-Dec-2017 07:29:58 UTC] PHP Stack trace:
[08-Dec-2017 07:29:58 UTC] PHP   1. {main}() /home/ubuntu/workspace/bstine/finalproject/updateIndex.php:0
[08-Dec-2017 07:29:58 UTC] PHP Warning:  Illegal string offset 'gamePrice' in /home/ubuntu/workspace/bstine/finalproject/updateIndex.php on line 113
[08-Dec-2017 07:29:58 UTC] PHP Stack trace:
[08-Dec-2017 07:29:58 UTC] PHP   1. {main}() /home/ubuntu/workspace/bstine/finalproject/updateIndex.php:0
[08-Dec-2017 07:29:58 UTC] PHP Warning:  Illegal string offset 'gamePrice' in /home/ubuntu/workspace/bstine/finalproject/updateIndex.php on line 113
[08-Dec-2017 07:29:58 UTC] PHP Stack trace:
[08-Dec-2017 07:29:58 UTC] PHP   1. {main}() /home/ubuntu/workspace/bstine/finalproject/updateIndex.php:0
[08-Dec-2017 07:29:58 UTC] PHP Warning:  Illegal string offset 'gamePrice' in /home/ubuntu/workspace/bstine/finalproject/updateIndex.php on line 113
[08-Dec-2017 07:29:58 UTC] PHP Stack trace:
[08-Dec-2017 07:29:58 UTC] PHP   1. {main}() /home/ubuntu/workspace/bstine/finalproject/updateIndex.php:0
[08-Dec-2017 07:29:58 UTC] PHP Warning:  Illegal string offset 'gamePrice' in /home/ubuntu/workspace/bstine/finalproject/updateIndex.php on line 113
[08-Dec-2017 07:29:58 UTC] PHP Stack trace:
[08-Dec-2017 07:29:58 UTC] PHP   1. {main}() /home/ubuntu/workspace/bstine/finalproject/updateIndex.php:0
[08-Dec-2017 07:29:58 UTC] PHP Warning:  Illegal string offset 'gameId' in /home/ubuntu/workspace/bstine/finalproject/updateIndex.php on line 114
[08-Dec-2017 07:29:58 UTC] PHP Stack trace:
[08-Dec-2017 07:29:58 UTC] PHP   1. {main}() /home/ubuntu/workspace/bstine/finalproject/updateIndex.php:0
[08-Dec-2017 07:29:58 UTC] PHP Warning:  Illegal string offset 'gameId' in /home/ubuntu/workspace/bstine/finalproject/updateIndex.php on line 114
[08-Dec-2017 07:29:58 UTC] PHP Stack trace:
[08-Dec-2017 07:29:58 UTC] PHP   1. {main}() /home/ubuntu/workspace/bstine/finalproject/updateIndex.php:0
[08-Dec-2017 07:29:58 UTC] PHP Warning:  Illegal string offset 'gameId' in /home/ubuntu/workspace/bstine/finalproject/updateIndex.php on line 114
[08-Dec-2017 07:29:58 UTC] PHP Stack trace:
[08-Dec-2017 07:29:58 UTC] PHP   1. {main}() /home/ubuntu/workspace/bstine/finalproject/updateIndex.php:0
[08-Dec-2017 07:29:58 UTC] PHP Warning:  Illegal string offset 'gameId' in /home/ubuntu/workspace/bstine/finalproject/updateIndex.php on line 114
[08-Dec-2017 07:29:58 UTC] PHP Stack trace:
[08-Dec-2017 07:29:58 UTC] PHP   1. {main}() /home/ubuntu/workspace/bstine/finalproject/updateIndex.php:0
[08-Dec-2017 07:29:58 UTC] PHP Warning:  Illegal string offset 'gameId' in /home/ubuntu/workspace/bstine/finalproject/updateIndex.php on line 114
[08-Dec-2017 07:29:58 UTC] PHP Stack trace:
[08-Dec-2017 07:29:58 UTC] PHP   1. {main}() /home/ubuntu/workspace/bstine/finalproject/updateIndex.php:0
[08-Dec-2017 07:29:58 UTC] PHP Warning:  Illegal string offset 'gameId' in /home/ubuntu/workspace/bstine/finalproject/updateIndex.php on line 114
[08-Dec-2017 07:29:58 UTC] PHP Stack trace:
[08-Dec-2017 07:29:58 UTC] PHP   1. {main}() /home/ubuntu/workspace/bstine/finalproject/updateIndex.php:0
[08-Dec-2017 07:29:58 UTC] PHP Warning:  Illegal string offset 'gameId' in /home/ubuntu/workspace/bstine/finalproject/updateIndex.php on line 114
[08-Dec-2017 07:29:58 UTC] PHP Stack trace:
[08-Dec-2017 07:29:58 UTC] PHP   1. {main}() /home/ubuntu/workspace/bstine/finalproject/updateIndex.php:0
[08-Dec-2017 07:29:58 UTC] PHP Warning:  Illegal string offset 'gameId' in /home/ubuntu/workspace/bstine/finalproject/updateIndex.php on line 114
[08-Dec-2017 07:29:58 UTC] PHP Stack trace:
[08-Dec-2017 07:29:58 UTC] PHP   1. {main}() /home/ubuntu/workspace/bstine/finalproject/updateIndex.php:0
[08-Dec-2017 07:30:35 UTC] PHP Warning:  Illegal string offset 'gameGenre' in /home/ubuntu/workspace/bstine/finalproject/updateIndex.php on line 90
[08-Dec-2017 07:30:35 UTC] PHP Stack trace:
[08-Dec-2017 07:30:35 UTC] PHP   1. {main}() /home/ubuntu/workspace/bstine/finalproject/updateIndex.php:0
[08-Dec-2017 07:30:35 UTC] PHP Warning:  Illegal string offset 'gameGenre' in /home/ubuntu/workspace/bstine/finalproject/updateIndex.php on line 90
[08-Dec-2017 07:30:35 UTC] PHP Stack trace:
[08-Dec-2017 07:30:35 UTC] PHP   1. {main}() /home/ubuntu/workspace/bstine/finalproject/updateIndex.php:0
[08-Dec-2017 07:30:35 UTC] PHP Warning:  Illegal string offset 'gameGenre' in /home/ubuntu/workspace/bstine/finalproject/updateIndex.php on line 90
[08-Dec-2017 07:30:35 UTC] PHP Stack trace:
[08-Dec-2017 07:30:35 UTC] PHP   1. {main}() /home/ubuntu/workspace/bstine/finalproject/updateIndex.php:0
[08-Dec-2017 07:30:35 UTC] PHP Warning:  Illegal string offset 'gameGenre' in /home/ubuntu/workspace/bstine/finalproject/updateIndex.php on line 90
[08-Dec-2017 07:30:35 UTC] PHP Stack trace:
[08-Dec-2017 07:30:35 UTC] PHP   1. {main}() /home/ubuntu/workspace/bstine/finalproject/updateIndex.php:0
[08-Dec-2017 07:30:35 UTC] PHP Warning:  Illegal string offset 'gameGenre' in /home/ubuntu/workspace/bstine/finalproject/updateIndex.php on line 90
[08-Dec-2017 07:30:35 UTC] PHP Stack trace:
[08-Dec-2017 07:30:35 UTC] PHP   1. {main}() /home/ubuntu/workspace/bstine/finalproject/updateIndex.php:0
[08-Dec-2017 07:30:35 UTC] PHP Warning:  Illegal string offset 'gameGenre' in /home/ubuntu/workspace/bstine/finalproject/updateIndex.php on line 90
[08-Dec-2017 07:30:35 UTC] PHP Stack trace:
[08-Dec-2017 07:30:35 UTC] PHP   1. {main}() /home/ubuntu/workspace/bstine/finalproject/updateIndex.php:0
[08-Dec-2017 07:30:35 UTC] PHP Warning:  Illegal string offset 'gameGenre' in /home/ubuntu/workspace/bstine/finalproject/updateIndex.php on line 90
[08-Dec-2017 07:30:35 UTC] PHP Stack trace:
[08-Dec-2017 07:30:35 UTC] PHP   1. {main}() /home/ubuntu/workspace/bstine/finalproject/updateIndex.php:0
[08-Dec-2017 07:30:35 UTC] PHP Warning:  Illegal string offset 'gameGenre' in /home/ubuntu/workspace/bstine/finalproject/updateIndex.php on line 90
[08-Dec-2017 07:30:35 UTC] PHP Stack trace:
[08-Dec-2017 07:30:35 UTC] PHP   1. {main}() /home/ubuntu/workspace/bstine/finalproject/updateIndex.php:0
[08-Dec-2017 07:30:35 UTC] PHP Warning:  Illegal string offset 'gameDescription' in /home/ubuntu/workspace/bstine/finalproject/updateIndex.php on line 95
[08-Dec-2017 07:30:35 UTC] PHP Stack trace:
[08-Dec-2017 07:30:35 UTC] PHP   1. {main}() /home/ubuntu/workspace/bstine/finalproject/updateIndex.php:0
[08-Dec-2017 07:30:35 UTC] PHP Warning:  Illegal string offset 'gameDescription' in /home/ubuntu/workspace/bstine/finalproject/updateIndex.php on line 95
[08-Dec-2017 07:30:35 UTC] PHP Stack trace:
[08-Dec-2017 07:30:35 UTC] PHP   1. {main}() /home/ubuntu/workspace/bstine/finalproject/updateIndex.php:0
[08-Dec-2017 07:30:35 UTC] PHP Warning:  Illegal string offset 'gameDescription' in /home/ubuntu/workspace/bstine/finalproject/updateIndex.php on line 95
[08-Dec-2017 07:30:35 UTC] PHP Stack trace:
[08-Dec-2017 07:30:35 UTC] PHP   1. {main}() /home/ubuntu/workspace/bstine/finalproject/updateIndex.php:0
[08-Dec-2017 07:30:35 UTC] PHP Warning:  Illegal string offset 'gameDescription' in /home/ubuntu/workspace/bstine/finalproject/updateIndex.php on line 95
[08-Dec-2017 07:30:35 UTC] PHP Stack trace:
[08-Dec-2017 07:30:35 UTC] PHP   1. {main}() /home/ubuntu/workspace/bstine/finalproject/updateIndex.php:0
[08-Dec-2017 07:30:35 UTC] PHP Warning:  Illegal string offset 'gameDescription' in /home/ubuntu/workspace/bstine/finalproject/updateIndex.php on line 95
[08-Dec-2017 07:30:35 UTC] PHP Stack trace:
[08-Dec-2017 07:30:35 UTC] PHP   1. {main}() /home/ubuntu/workspace/bstine/finalproject/updateIndex.php:0
[08-Dec-2017 07:30:35 UTC] PHP Warning:  Illegal string offset 'gameDescription' in /home/ubuntu/workspace/bstine/finalproject/updateIndex.php on line 95
[08-Dec-2017 07:30:35 UTC] PHP Stack trace:
[08-Dec-2017 07:30:35 UTC] PHP   1. {main}() /home/ubuntu/workspace/bstine/finalproject/updateIndex.php:0
[08-Dec-2017 07:30:35 UTC] PHP Warning:  Illegal string offset 'gameDescription' in /home/ubuntu/workspace/bstine/finalproject/updateIndex.php on line 95
[08-Dec-2017 07:30:35 UTC] PHP Stack trace:
[08-Dec-2017 07:30:35 UTC] PHP   1. {main}() /home/ubuntu/workspace/bstine/finalproject/updateIndex.php:0
[08-Dec-2017 07:30:35 UTC] PHP Warning:  Illegal string offset 'gameDescription' in /home/ubuntu/workspace/bstine/finalproject/updateIndex.php on line 95
[08-Dec-2017 07:30:35 UTC] PHP Stack trace:
[08-Dec-2017 07:30:35 UTC] PHP   1. {main}() /home/ubuntu/workspace/bstine/finalproject/updateIndex.php:0
[08-Dec-2017 07:30:35 UTC] PHP Warning:  Illegal string offset 'gameRelease' in /home/ubuntu/workspace/bstine/finalproject/updateIndex.php on line 100
[08-Dec-2017 07:30:35 UTC] PHP Stack trace:
[08-Dec-2017 07:30:35 UTC] PHP   1. {main}() /home/ubuntu/workspace/bstine/finalproject/updateIndex.php:0
[08-Dec-2017 07:30:35 UTC] PHP Warning:  Illegal string offset 'gameRelease' in /home/ubuntu/workspace/bstine/finalproject/updateIndex.php on line 100
[08-Dec-2017 07:30:35 UTC] PHP Stack trace:
[08-Dec-2017 07:30:35 UTC] PHP   1. {main}() /home/ubuntu/workspace/bstine/finalproject/updateIndex.php:0
[08-Dec-2017 07:30:35 UTC] PHP Warning:  Illegal string offset 'gameRelease' in /home/ubuntu/workspace/bstine/finalproject/updateIndex.php on line 100
[08-Dec-2017 07:30:35 UTC] PHP Stack trace:
[08-Dec-2017 07:30:35 UTC] PHP   1. {main}() /home/ubuntu/workspace/bstine/finalproject/updateIndex.php:0
[08-Dec-2017 07:30:35 UTC] PHP Warning:  Illegal string offset 'gameRelease' in /home/ubuntu/workspace/bstine/finalproject/updateIndex.php on line 100
[08-Dec-2017 07:30:35 UTC] PHP Stack trace:
[08-Dec-2017 07:30:35 UTC] PHP   1. {main}() /home/ubuntu/workspace/bstine/finalproject/updateIndex.php:0
[08-Dec-2017 07:30:35 UTC] PHP Warning:  Illegal string offset 'gameRelease' in /home/ubuntu/workspace/bstine/finalproject/updateIndex.php on line 100
[08-Dec-2017 07:30:35 UTC] PHP Stack trace:
[08-Dec-2017 07:30:35 UTC] PHP   1. {main}() /home/ubuntu/workspace/bstine/finalproject/updateIndex.php:0
[08-Dec-2017 07:30:35 UTC] PHP Warning:  Illegal string offset 'gameRelease' in /home/ubuntu/workspace/bstine/finalproject/updateIndex.php on line 100
[08-Dec-2017 07:30:35 UTC] PHP Stack trace:
[08-Dec-2017 07:30:35 UTC] PHP   1. {main}() /home/ubuntu/workspace/bstine/finalproject/updateIndex.php:0
[08-Dec-2017 07:30:35 UTC] PHP Warning:  Illegal string offset 'gameRelease' in /home/ubuntu/workspace/bstine/finalproject/updateIndex.php on line 100
[08-Dec-2017 07:30:35 UTC] PHP Stack trace:
[08-Dec-2017 07:30:35 UTC] PHP   1. {main}() /home/ubuntu/workspace/bstine/finalproject/updateIndex.php:0
[08-Dec-2017 07:30:35 UTC] PHP Warning:  Illegal string offset 'gameRelease' in /home/ubuntu/workspace/bstine/finalproject/updateIndex.php on line 100
[08-Dec-2017 07:30:35 UTC] PHP Stack trace:
[08-Dec-2017 07:30:35 UTC] PHP   1. {main}() /home/ubuntu/workspace/bstine/finalproject/updateIndex.php:0
[08-Dec-2017 07:30:35 UTC] PHP Warning:  Illegal string offset 'gameRating' in /home/ubuntu/workspace/bstine/finalproject/updateIndex.php on line 104
[08-Dec-2017 07:30:35 UTC] PHP Stack trace:
[08-Dec-2017 07:30:35 UTC] PHP   1. {main}() /home/ubuntu/workspace/bstine/finalproject/updateIndex.php:0
[08-Dec-2017 07:30:35 UTC] PHP Warning:  Illegal string offset 'gameRating' in /home/ubuntu/workspace/bstine/finalproject/updateIndex.php on line 104
[08-Dec-2017 07:30:35 UTC] PHP Stack trace:
[08-Dec-2017 07:30:35 UTC] PHP   1. {main}() /home/ubuntu/workspace/bstine/finalproject/updateIndex.php:0
[08-Dec-2017 07:30:35 UTC] PHP Warning:  Illegal string offset 'gameRating' in /home/ubuntu/workspace/bstine/finalproject/updateIndex.php on line 104
[08-Dec-2017 07:30:35 UTC] PHP Stack trace:
[08-Dec-2017 07:30:35 UTC] PHP   1. {main}() /home/ubuntu/workspace/bstine/finalproject/updateIndex.php:0
[08-Dec-2017 07:30:35 UTC] PHP Warning:  Illegal string offset 'gameRating' in /home/ubuntu/workspace/bstine/finalproject/updateIndex.php on line 104
[08-Dec-2017 07:30:35 UTC] PHP Stack trace:
[08-Dec-2017 07:30:35 UTC] PHP   1. {main}() /home/ubuntu/workspace/bstine/finalproject/updateIndex.php:0
[08-Dec-2017 07:30:35 UTC] PHP Warning:  Illegal string offset 'gameRating' in /home/ubuntu/workspace/bstine/finalproject/updateIndex.php on line 104
[08-Dec-2017 07:30:35 UTC] PHP Stack trace:
[08-Dec-2017 07:30:35 UTC] PHP   1. {main}() /home/ubuntu/workspace/bstine/finalproject/updateIndex.php:0
[08-Dec-2017 07:30:35 UTC] PHP Warning:  Illegal string offset 'gameRating' in /home/ubuntu/workspace/bstine/finalproject/updateIndex.php on line 104
[08-Dec-2017 07:30:35 UTC] PHP Stack trace:
[08-Dec-2017 07:30:35 UTC] PHP   1. {main}() /home/ubuntu/workspace/bstine/finalproject/updateIndex.php:0
[08-Dec-2017 07:30:35 UTC] PHP Warning:  Illegal string offset 'gameRating' in /home/ubuntu/workspace/bstine/finalproject/updateIndex.php on line 104
[08-Dec-2017 07:30:35 UTC] PHP Stack trace:
[08-Dec-2017 07:30:35 UTC] PHP   1. {main}() /home/ubuntu/workspace/bstine/finalproject/updateIndex.php:0
[08-Dec-2017 07:30:35 UTC] PHP Warning:  Illegal string offset 'gameRating' in /home/ubuntu/workspace/bstine/finalproject/updateIndex.php on line 104
[08-Dec-2017 07:30:35 UTC] PHP Stack trace:
[08-Dec-2017 07:30:35 UTC] PHP   1. {main}() /home/ubuntu/workspace/bstine/finalproject/updateIndex.php:0
[08-Dec-2017 07:30:35 UTC] PHP Warning:  Illegal string offset 'gameScore' in /home/ubuntu/workspace/bstine/finalproject/updateIndex.php on line 108
[08-Dec-2017 07:30:35 UTC] PHP Stack trace:
[08-Dec-2017 07:30:35 UTC] PHP   1. {main}() /home/ubuntu/workspace/bstine/finalproject/updateIndex.php:0
[08-Dec-2017 07:30:35 UTC] PHP Warning:  Illegal string offset 'gameScore' in /home/ubuntu/workspace/bstine/finalproject/updateIndex.php on line 108
[08-Dec-2017 07:30:35 UTC] PHP Stack trace:
[08-Dec-2017 07:30:35 UTC] PHP   1. {main}() /home/ubuntu/workspace/bstine/finalproject/updateIndex.php:0
[08-Dec-2017 07:30:35 UTC] PHP Warning:  Illegal string offset 'gameScore' in /home/ubuntu/workspace/bstine/finalproject/updateIndex.php on line 108
[08-Dec-2017 07:30:35 UTC] PHP Stack trace:
[08-Dec-2017 07:30:35 UTC] PHP   1. {main}() /home/ubuntu/workspace/bstine/finalproject/updateIndex.php:0
[08-Dec-2017 07:30:35 UTC] PHP Warning:  Illegal string offset 'gameScore' in /home/ubuntu/workspace/bstine/finalproject/updateIndex.php on line 108
[08-Dec-2017 07:30:35 UTC] PHP Stack trace:
[08-Dec-2017 07:30:35 UTC] PHP   1. {main}() /home/ubuntu/workspace/bstine/finalproject/updateIndex.php:0
[08-Dec-2017 07:30:35 UTC] PHP Warning:  Illegal string offset 'gameScore' in /home/ubuntu/workspace/bstine/finalproject/updateIndex.php on line 108
[08-Dec-2017 07:30:35 UTC] PHP Stack trace:
[08-Dec-2017 07:30:35 UTC] PHP   1. {main}() /home/ubuntu/workspace/bstine/finalproject/updateIndex.php:0
[08-Dec-2017 07:30:35 UTC] PHP Warning:  Illegal string offset 'gameScore' in /home/ubuntu/workspace/bstine/finalproject/updateIndex.php on line 108
[08-Dec-2017 07:30:35 UTC] PHP Stack trace:
[08-Dec-2017 07:30:35 UTC] PHP   1. {main}() /home/ubuntu/workspace/bstine/finalproject/updateIndex.php:0
[08-Dec-2017 07:30:35 UTC] PHP Warning:  Illegal string offset 'gameScore' in /home/ubuntu/workspace/bstine/finalproject/updateIndex.php on line 108
[08-Dec-2017 07:30:35 UTC] PHP Stack trace:
[08-Dec-2017 07:30:35 UTC] PHP   1. {main}() /home/ubuntu/workspace/bstine/finalproject/updateIndex.php:0
[08-Dec-2017 07:30:35 UTC] PHP Warning:  Illegal string offset 'gameScore' in /home/ubuntu/workspace/bstine/finalproject/updateIndex.php on line 108
[08-Dec-2017 07:30:35 UTC] PHP Stack trace:
[08-Dec-2017 07:30:35 UTC] PHP   1. {main}() /home/ubuntu/workspace/bstine/finalproject/updateIndex.php:0
[08-Dec-2017 07:30:35 UTC] PHP Warning:  Illegal string offset 'gamePrice' in /home/ubuntu/workspace/bstine/finalproject/updateIndex.php on line 113
[08-Dec-2017 07:30:35 UTC] PHP Stack trace:
[08-Dec-2017 07:30:35 UTC] PHP   1. {main}() /home/ubuntu/workspace/bstine/finalproject/updateIndex.php:0
[08-Dec-2017 07:30:35 UTC] PHP Warning:  Illegal string offset 'gamePrice' in /home/ubuntu/workspace/bstine/finalproject/updateIndex.php on line 113
[08-Dec-2017 07:30:35 UTC] PHP Stack trace:
[08-Dec-2017 07:30:35 UTC] PHP   1. {main}() /home/ubuntu/workspace/bstine/finalproject/updateIndex.php:0
[08-Dec-2017 07:30:35 UTC] PHP Warning:  Illegal string offset 'gamePrice' in /home/ubuntu/workspace/bstine/finalproject/updateIndex.php on line 113
[08-Dec-2017 07:30:35 UTC] PHP Stack trace:
[08-Dec-2017 07:30:35 UTC] PHP   1. {main}() /home/ubuntu/workspace/bstine/finalproject/updateIndex.php:0
[08-Dec-2017 07:30:35 UTC] PHP Warning:  Illegal string offset 'gamePrice' in /home/ubuntu/workspace/bstine/finalproject/updateIndex.php on line 113
[08-Dec-2017 07:30:35 UTC] PHP Stack trace:
[08-Dec-2017 07:30:35 UTC] PHP   1. {main}() /home/ubuntu/workspace/bstine/finalproject/updateIndex.php:0
[08-Dec-2017 07:30:35 UTC] PHP Warning:  Illegal string offset 'gamePrice' in /home/ubuntu/workspace/bstine/finalproject/updateIndex.php on line 113
[08-Dec-2017 07:30:35 UTC] PHP Stack trace:
[08-Dec-2017 07:30:35 UTC] PHP   1. {main}() /home/ubuntu/workspace/bstine/finalproject/updateIndex.php:0
[08-Dec-2017 07:30:35 UTC] PHP Warning:  Illegal string offset 'gamePrice' in /home/ubuntu/workspace/bstine/finalproject/updateIndex.php on line 113
[08-Dec-2017 07:30:35 UTC] PHP Stack trace:
[08-Dec-2017 07:30:35 UTC] PHP   1. {main}() /home/ubuntu/workspace/bstine/finalproject/updateIndex.php:0
[08-Dec-2017 07:30:35 UTC] PHP Warning:  Illegal string offset 'gamePrice' in /home/ubuntu/workspace/bstine/finalproject/updateIndex.php on line 113
[08-Dec-2017 07:30:35 UTC] PHP Stack trace:
[08-Dec-2017 07:30:35 UTC] PHP   1. {main}() /home/ubuntu/workspace/bstine/finalproject/updateIndex.php:0
[08-Dec-2017 07:30:35 UTC] PHP Warning:  Illegal string offset 'gamePrice' in /home/ubuntu/workspace/bstine/finalproject/updateIndex.php on line 113
[08-Dec-2017 07:30:35 UTC] PHP Stack trace:
[08-Dec-2017 07:30:35 UTC] PHP   1. {main}() /home/ubuntu/workspace/bstine/finalproject/updateIndex.php:0
[08-Dec-2017 07:30:35 UTC] PHP Warning:  Illegal string offset 'gameId' in /home/ubuntu/workspace/bstine/finalproject/updateIndex.php on line 114
[08-Dec-2017 07:30:35 UTC] PHP Stack trace:
[08-Dec-2017 07:30:35 UTC] PHP   1. {main}() /home/ubuntu/workspace/bstine/finalproject/updateIndex.php:0
[08-Dec-2017 07:30:35 UTC] PHP Warning:  Illegal string offset 'gameId' in /home/ubuntu/workspace/bstine/finalproject/updateIndex.php on line 114
[08-Dec-2017 07:30:35 UTC] PHP Stack trace:
[08-Dec-2017 07:30:35 UTC] PHP   1. {main}() /home/ubuntu/workspace/bstine/finalproject/updateIndex.php:0
[08-Dec-2017 07:30:35 UTC] PHP Warning:  Illegal string offset 'gameId' in /home/ubuntu/workspace/bstine/finalproject/updateIndex.php on line 114
[08-Dec-2017 07:30:35 UTC] PHP Stack trace:
[08-Dec-2017 07:30:35 UTC] PHP   1. {main}() /home/ubuntu/workspace/bstine/finalproject/updateIndex.php:0
[08-Dec-2017 07:30:35 UTC] PHP Warning:  Illegal string offset 'gameId' in /home/ubuntu/workspace/bstine/finalproject/updateIndex.php on line 114
[08-Dec-2017 07:30:35 UTC] PHP Stack trace:
[08-Dec-2017 07:30:35 UTC] PHP   1. {main}() /home/ubuntu/workspace/bstine/finalproject/updateIndex.php:0
[08-Dec-2017 07:30:35 UTC] PHP Warning:  Illegal string offset 'gameId' in /home/ubuntu/workspace/bstine/finalproject/updateIndex.php on line 114
[08-Dec-2017 07:30:35 UTC] PHP Stack trace:
[08-Dec-2017 07:30:35 UTC] PHP   1. {main}() /home/ubuntu/workspace/bstine/finalproject/updateIndex.php:0
[08-Dec-2017 07:30:35 UTC] PHP Warning:  Illegal string offset 'gameId' in /home/ubuntu/workspace/bstine/finalproject/updateIndex.php on line 114
[08-Dec-2017 07:30:35 UTC] PHP Stack trace:
[08-Dec-2017 07:30:35 UTC] PHP   1. {main}() /home/ubuntu/workspace/bstine/finalproject/updateIndex.php:0
[08-Dec-2017 07:30:35 UTC] PHP Warning:  Illegal string offset 'gameId' in /home/ubuntu/workspace/bstine/finalproject/updateIndex.php on line 114
[08-Dec-2017 07:30:35 UTC] PHP Stack trace:
[08-Dec-2017 07:30:35 UTC] PHP   1. {main}() /home/ubuntu/workspace/bstine/finalproject/updateIndex.php:0
[08-Dec-2017 07:30:35 UTC] PHP Warning:  Illegal string offset 'gameId' in /home/ubuntu/workspace/bstine/finalproject/updateIndex.php on line 114
[08-Dec-2017 07:30:35 UTC] PHP Stack trace:
[08-Dec-2017 07:30:35 UTC] PHP   1. {main}() /home/ubuntu/workspace/bstine/finalproject/updateIndex.php:0
[08-Dec-2017 07:44:04 UTC] PHP Fatal error:  Uncaught exception 'PDOException' with message 'SQLSTATE[HY093]: Invalid parameter number: number of bound variables does not match number of tokens' in /home/ubuntu/workspace/bstine/finalproject/insertIndex.php:28
Stack trace:
#0 /home/ubuntu/workspace/bstine/finalproject/insertIndex.php(28): PDOStatement->execute(Array)
#1 {main}
  thrown in /home/ubuntu/workspace/bstine/finalproject/insertIndex.php on line 28
[08-Dec-2017 07:45:00 UTC] PHP Fatal error:  Uncaught exception 'PDOException' with message 'SQLSTATE[HY093]: Invalid parameter number: number of bound variables does not match number of tokens' in /home/ubuntu/workspace/bstine/finalproject/insertIndex.php:22
Stack trace:
#0 /home/ubuntu/workspace/bstine/finalproject/insertIndex.php(22): PDOStatement->execute(Array)
#1 {main}
  thrown in /home/ubuntu/workspace/bstine/finalproject/insertIndex.php on line 22
[08-Dec-2017 07:45:14 UTC] PHP Fatal error:  Uncaught exception 'PDOException' with message 'SQLSTATE[HY093]: Invalid parameter number: number of bound variables does not match number of tokens' in /home/ubuntu/workspace/bstine/finalproject/insertIndex.php:22
Stack trace:
#0 /home/ubuntu/workspace/bstine/finalproject/insertIndex.php(22): PDOStatement->execute(Array)
#1 {main}
  thrown in /home/ubuntu/workspace/bstine/finalproject/insertIndex.php on line 22
[08-Dec-2017 07:45:18 UTC] PHP Fatal error:  Uncaught exception 'PDOException' with message 'SQLSTATE[HY093]: Invalid parameter number: number of bound variables does not match number of tokens' in /home/ubuntu/workspace/bstine/finalproject/insertIndex.php:22
Stack trace:
#0 /home/ubuntu/workspace/bstine/finalproject/insertIndex.php(22): PDOStatement->execute(Array)
#1 {main}
  thrown in /home/ubuntu/workspace/bstine/finalproject/insertIndex.php on line 22
[08-Dec-2017 07:48:10 UTC] PHP Fatal error:  Uncaught exception 'PDOException' with message 'SQLSTATE[42000]: Syntax error or access violation: 1064 You have an error in your SQL syntax; check the manual that corresponds to your MySQL server version for the right syntax to use near 'NATURAL JOIN `fp_developer`
                WHERE 1' at line 3' in /home/ubuntu/workspace/bstine/finalproject/functions/functions.php:42
Stack trace:
#0 /home/ubuntu/workspace/bstine/finalproject/functions/functions.php(42): PDOStatement->execute()
#1 /home/ubuntu/workspace/bstine/finalproject/indexAdmin.php(99): displayGamesV2()
#2 {main}
  thrown in /home/ubuntu/workspace/bstine/finalproject/functions/functions.php on line 42
[08-Dec-2017 08:10:01 UTC] PHP Warning:  include(../../dbConnection.php): failed to open stream: No such file or directory in /home/ubuntu/workspace/bstine/finalproject/deleteGame.php on line 3
[08-Dec-2017 08:10:01 UTC] PHP Stack trace:
[08-Dec-2017 08:10:01 UTC] PHP   1. {main}() /home/ubuntu/workspace/bstine/finalproject/deleteGame.php:0
[08-Dec-2017 08:10:01 UTC] PHP Warning:  include(): Failed opening '../../dbConnection.php' for inclusion (include_path='.:/usr/share/php:/usr/share/pear') in /home/ubuntu/workspace/bstine/finalproject/deleteGame.php on line 3
[08-Dec-2017 08:10:01 UTC] PHP Stack trace:
[08-Dec-2017 08:10:01 UTC] PHP   1. {main}() /home/ubuntu/workspace/bstine/finalproject/deleteGame.php:0
[08-Dec-2017 08:10:01 UTC] PHP Fatal error:  Call to undefined function getDatabaseConnection() in /home/ubuntu/workspace/bstine/finalproject/deleteGame.php on line 4
[08-Dec-2017 08:10:01 UTC] PHP Stack trace:
[08-Dec-2017 08:10:01 UTC] PHP   1. {main}() /home/ubuntu/workspace/bstine/finalproject/deleteGame.php:0
[08-Dec-2017 08:12:16 UTC] PHP Warning:  Illegal string offset 'count' in /home/ubuntu/workspace/bstine/finalproject/indexAdmin.php on line 83
[08-Dec-2017 08:12:16 UTC] PHP Stack trace:
[08-Dec-2017 08:12:16 UTC] PHP   1. {main}() /home/ubuntu/workspace/bstine/finalproject/indexAdmin.php:0
[08-Dec-2017 08:12:36 UTC] PHP Warning:  Illegal string offset 'sum' in /home/ubuntu/workspace/bstine/finalproject/indexAdmin.php on line 76
[08-Dec-2017 08:12:36 UTC] PHP Stack trace:
[08-Dec-2017 08:12:36 UTC] PHP   1. {main}() /home/ubuntu/workspace/bstine/finalproject/indexAdmin.php:0
[08-Dec-2017 08:12:37 UTC] PHP Warning:  Illegal string offset 'average' in /home/ubuntu/workspace/bstine/finalproject/indexAdmin.php on line 69
[08-Dec-2017 08:12:37 UTC] PHP Stack trace:
[08-Dec-2017 08:12:37 UTC] PHP   1. {main}() /home/ubuntu/workspace/bstine/finalproject/indexAdmin.php:0
[08-Dec-2017 08:34:11 UTC] PHP Fatal error:  Uncaught exception 'PDOException' with message 'SQLSTATE[42S22]: Column not found: 1054 Unknown column 'overwatch' in 'where clause'' in /home/ubuntu/workspace/bstine/finalproject/functions/functions.php:33
Stack trace:
#0 /home/ubuntu/workspace/bstine/finalproject/functions/functions.php(33): PDOStatement->execute()
#1 /home/ubuntu/workspace/bstine/finalproject/index.php(71): displayGames()
#2 {main}
  thrown in /home/ubuntu/workspace/bstine/finalproject/functions/functions.php on line 33
[08-Dec-2017 08:38:04 UTC] PHP Fatal error:  Uncaught exception 'PDOException' with message 'SQLSTATE[HY093]: Invalid parameter number: no parameters were bound' in /home/ubuntu/workspace/bstine/finalproject/functions/functions.php:35
Stack trace:
#0 /home/ubuntu/workspace/bstine/finalproject/functions/functions.php(35): PDOStatement->execute()
#1 /home/ubuntu/workspace/bstine/finalproject/index.php(71): displayGames()
#2 {main}
  thrown in /home/ubuntu/workspace/bstine/finalproject/functions/functions.php on line 35
[08-Dec-2017 17:48:18 UTC] PHP Fatal error:  Uncaught exception 'PDOException' with message 'SQLSTATE[42000]: Syntax error or access violation: 1064 You have an error in your SQL syntax; check the manual that corresponds to your MySQL server version for the right syntax to use near 'ORDER BY gamePrice ASC' at line 4' in /home/ubuntu/workspace/bstine/finalproject/functions/functions.php:38
Stack trace:
#0 /home/ubuntu/workspace/bstine/finalproject/functions/functions.php(38): PDOStatement->execute(Array)
#1 /home/ubuntu/workspace/bstine/finalproject/index.php(71): displayGames()
#2 {main}
  thrown in /home/ubuntu/workspace/bstine/finalproject/functions/functions.php on line 38
[08-Dec-2017 17:48:21 UTC] PHP Fatal error:  Uncaught exception 'PDOException' with message 'SQLSTATE[42000]: Syntax error or access violation: 1064 You have an error in your SQL syntax; check the manual that corresponds to your MySQL server version for the right syntax to use near 'ORDER BY gamePrice ASC' at line 4' in /home/ubuntu/workspace/bstine/finalproject/functions/functions.php:38
Stack trace:
#0 /home/ubuntu/workspace/bstine/finalproject/functions/functions.php(38): PDOStatement->execute(Array)
#1 /home/ubuntu/workspace/bstine/finalproject/index.php(71): displayGames()
#2 {main}
  thrown in /home/ubuntu/workspace/bstine/finalproject/functions/functions.php on line 38
[08-Dec-2017 18:57:47 UTC] PHP Fatal error:  Uncaught exception 'PDOException' with message 'SQLSTATE[42S02]: Base table or view not found: 1146 Table 'tcp.fp_games' doesn't exist' in /home/ubuntu/workspace/bstine/finalproject/functions/functions.php:38
Stack trace:
#0 /home/ubuntu/workspace/bstine/finalproject/functions/functions.php(38): PDOStatement->execute(Array)
#1 /home/ubuntu/workspace/bstine/finalproject/index.php(71): displayGames()
#2 {main}
  thrown in /home/ubuntu/workspace/bstine/finalproject/functions/functions.php on line 38
