[29-Sep-2017 19:27:20 UTC] PHP Fatal error:  Maximum execution time of 300 seconds exceeded in /home/ubuntu/workspace/bstine/lab/lab4/index.php on line 74
[29-Sep-2017 19:27:20 UTC] PHP Stack trace:
[29-Sep-2017 19:27:20 UTC] PHP   1. {main}() /home/ubuntu/workspace/bstine/lab/lab4/index.php:0
[29-Sep-2017 19:27:50 UTC] PHP Fatal error:  Maximum execution time of 300 seconds exceeded in /home/ubuntu/workspace/bstine/lab/lab4/index.php on line 74
[29-Sep-2017 19:27:50 UTC] PHP Stack trace:
[29-Sep-2017 19:27:50 UTC] PHP   1. {main}() /home/ubuntu/workspace/bstine/lab/lab4/index.php:0
[29-Sep-2017 19:28:10 UTC] PHP Fatal error:  Maximum execution time of 300 seconds exceeded in /home/ubuntu/workspace/bstine/lab/lab4/index.php on line 74
[29-Sep-2017 19:28:10 UTC] PHP Stack trace:
[29-Sep-2017 19:28:10 UTC] PHP   1. {main}() /home/ubuntu/workspace/bstine/lab/lab4/index.php:0
[29-Sep-2017 20:05:11 UTC] PHP Fatal error:  Maximum execution time of 300 seconds exceeded in /home/ubuntu/workspace/bstine/lab/lab4/index.php on line 104
[29-Sep-2017 20:05:11 UTC] PHP Stack trace:
[29-Sep-2017 20:05:11 UTC] PHP   1. {main}() /home/ubuntu/workspace/bstine/lab/lab4/index.php:0
[06-Oct-2017 20:28:11 UTC] PHP Fatal error:  Uncaught exception 'PDOException' with message 'SQLSTATE[42S22]: Column not found: 1054 Unknown column 'firststName' in 'where clause'' in /home/ubuntu/workspace/bstine/lab/lab5/practice.php:17
Stack trace:
#0 /home/ubuntu/workspace/bstine/lab/lab5/practice.php(17): PDOStatement->execute()
#1 {main}
  thrown in /home/ubuntu/workspace/bstine/lab/lab5/practice.php on line 17
[06-Oct-2017 20:29:41 UTC] PHP Fatal error:  Undefined class constant 'ASSOC' in /home/ubuntu/workspace/bstine/lab/lab5/practice.php on line 18
[06-Oct-2017 20:29:41 UTC] PHP Stack trace:
[06-Oct-2017 20:29:41 UTC] PHP   1. {main}() /home/ubuntu/workspace/bstine/lab/lab5/practice.php:0
[11-Oct-2017 20:42:31 UTC] PHP Fatal error:  Call to undefined function getDeviceType() in /home/ubuntu/workspace/bstine/lab/lab5/index.php on line 23
[11-Oct-2017 20:42:31 UTC] PHP Stack trace:
[11-Oct-2017 20:42:31 UTC] PHP   1. {main}() /home/ubuntu/workspace/bstine/lab/lab5/index.php:0
[11-Oct-2017 20:45:30 UTC] PHP Fatal error:  Call to a member function prepare() on a non-object in /home/ubuntu/workspace/bstine/lab/lab5/index.php on line 12
[11-Oct-2017 20:45:30 UTC] PHP Stack trace:
[11-Oct-2017 20:45:30 UTC] PHP   1. {main}() /home/ubuntu/workspace/bstine/lab/lab5/index.php:0
[11-Oct-2017 20:45:30 UTC] PHP   2. getDeviceType() /home/ubuntu/workspace/bstine/lab/lab5/index.php:37
[11-Oct-2017 20:45:32 UTC] PHP Fatal error:  Call to a member function prepare() on a non-object in /home/ubuntu/workspace/bstine/lab/lab5/index.php on line 12
[11-Oct-2017 20:45:32 UTC] PHP Stack trace:
[11-Oct-2017 20:45:32 UTC] PHP   1. {main}() /home/ubuntu/workspace/bstine/lab/lab5/index.php:0
[11-Oct-2017 20:45:32 UTC] PHP   2. getDeviceType() /home/ubuntu/workspace/bstine/lab/lab5/index.php:37
[11-Oct-2017 20:48:23 UTC] PHP Fatal error:  Call to a member function prepare() on a non-object in /home/ubuntu/workspace/bstine/lab/lab5/index.php on line 12
[11-Oct-2017 20:48:23 UTC] PHP Stack trace:
[11-Oct-2017 20:48:23 UTC] PHP   1. {main}() /home/ubuntu/workspace/bstine/lab/lab5/index.php:0
[11-Oct-2017 20:48:23 UTC] PHP   2. getDeviceType() /home/ubuntu/workspace/bstine/lab/lab5/index.php:37
[13-Oct-2017 19:35:44 UTC] PHP Parse error:  syntax error, unexpected 'deviceName' (T_STRING) in /home/ubuntu/workspace/bstine/lab/lab5/index.php on line 35
[13-Oct-2017 19:36:07 UTC] PHP Parse error:  syntax error, unexpected 'deviceName' (T_STRING) in /home/ubuntu/workspace/bstine/lab/lab5/index.php on line 34
[13-Oct-2017 19:36:09 UTC] PHP Parse error:  syntax error, unexpected 'deviceName' (T_STRING) in /home/ubuntu/workspace/bstine/lab/lab5/index.php on line 34
[13-Oct-2017 19:41:17 UTC] PHP Parse error:  syntax error, unexpected '.=' (T_CONCAT_EQUAL) in /home/ubuntu/workspace/bstine/lab/lab5/index.php on line 42
[13-Oct-2017 20:01:58 UTC] PHP Fatal error:  Uncaught exception 'PDOException' with message 'SQLSTATE[42S22]: Column not found: 1054 Unknown column 'A' in 'where clause'' in /home/ubuntu/workspace/bstine/lab/lab5/index.php:57
Stack trace:
#0 /home/ubuntu/workspace/bstine/lab/lab5/index.php(57): PDOStatement->execute(Array)
#1 /home/ubuntu/workspace/bstine/lab/lab5/index.php(102): displayDevices()
#2 {main}
  thrown in /home/ubuntu/workspace/bstine/lab/lab5/index.php on line 57
[15-Oct-2017 19:10:14 UTC] PHP Fatal error:  Uncaught exception 'PDOException' with message 'SQLSTATE[42000]: Syntax error or access violation: 1064 You have an error in your SQL syntax; check the manual that corresponds to your MySQL server version for the right syntax to use near 'ORDER BY price ASC' at line 1' in /home/ubuntu/workspace/bstine/lab/lab5/index.php:68
Stack trace:
#0 /home/ubuntu/workspace/bstine/lab/lab5/index.php(68): PDOStatement->execute(Array)
#1 /home/ubuntu/workspace/bstine/lab/lab5/index.php(113): displayDevices()
#2 {main}
  thrown in /home/ubuntu/workspace/bstine/lab/lab5/index.php on line 68
[15-Oct-2017 19:14:24 UTC] PHP Parse error:  syntax error, unexpected '}' in /home/ubuntu/workspace/bstine/lab/lab5/index.php on line 56
